[0.010s] Invoking command in '/home/praveen/udmey/build/my_robot_interfaces': CMAKE_PREFIX_PATH=/home/praveen/udmey/install/activity:/home/praveen/manik/install/manikrobotic:/home/praveen/ros2_ws/install/hello:/opt/ros/humble /usr/bin/cmake /home/praveen/udmey/src/my_robot_interfaces -DCMAKE_INSTALL_PREFIX=/home/praveen/udmey/install/my_robot_interfaces
[0.021s] -- Found ament_cmake: 1.3.9 (/opt/ros/humble/share/ament_cmake/cmake)
[0.121s] -- Override CMake install command with custom implementation using symlinks instead of copying resources
[0.127s] -- Found ament_lint_auto: 0.12.11 (/opt/ros/humble/share/ament_lint_auto/cmake)
[0.185s] -- Added test 'lint_cmake' to check CMake code style
[0.185s] -- Added test 'xmllint' to check XML markup files
[0.186s] -- Configuring done
[0.189s] -- Generating done
[0.190s] -- Build files have been written to: /home/praveen/udmey/build/my_robot_interfaces
[0.193s] Invoked command in '/home/praveen/udmey/build/my_robot_interfaces' returned '0': CMAKE_PREFIX_PATH=/home/praveen/udmey/install/activity:/home/praveen/manik/install/manikrobotic:/home/praveen/ros2_ws/install/hello:/opt/ros/humble /usr/bin/cmake /home/praveen/udmey/src/my_robot_interfaces -DCMAKE_INSTALL_PREFIX=/home/praveen/udmey/install/my_robot_interfaces
[0.195s] Invoking command in '/home/praveen/udmey/build/my_robot_interfaces': CMAKE_PREFIX_PATH=/home/praveen/udmey/install/activity:/home/praveen/manik/install/manikrobotic:/home/praveen/ros2_ws/install/hello:/opt/ros/humble /usr/bin/cmake --build /home/praveen/udmey/build/my_robot_interfaces -- -j12 -l12
[0.233s] Invoked command in '/home/praveen/udmey/build/my_robot_interfaces' returned '0': CMAKE_PREFIX_PATH=/home/praveen/udmey/install/activity:/home/praveen/manik/install/manikrobotic:/home/praveen/ros2_ws/install/hello:/opt/ros/humble /usr/bin/cmake --build /home/praveen/udmey/build/my_robot_interfaces -- -j12 -l12
[0.266s] Invoking command in '/home/praveen/udmey/build/my_robot_interfaces': CMAKE_PREFIX_PATH=/home/praveen/udmey/install/activity:/home/praveen/manik/install/manikrobotic:/home/praveen/ros2_ws/install/hello:/opt/ros/humble /usr/bin/cmake --install /home/praveen/udmey/build/my_robot_interfaces
[0.272s] -- Install configuration: ""
[0.273s] -- Execute custom install script
[0.273s] -- Up-to-date symlink: /home/praveen/udmey/install/my_robot_interfaces/share/ament_index/resource_index/package_run_dependencies/my_robot_interfaces
[0.273s] -- Up-to-date symlink: /home/praveen/udmey/install/my_robot_interfaces/share/ament_index/resource_index/parent_prefix_path/my_robot_interfaces
[0.273s] -- Up-to-date symlink: /home/praveen/udmey/install/my_robot_interfaces/share/my_robot_interfaces/environment/ament_prefix_path.sh
[0.274s] -- Up-to-date symlink: /home/praveen/udmey/install/my_robot_interfaces/share/my_robot_interfaces/environment/ament_prefix_path.dsv
[0.274s] -- Up-to-date symlink: /home/praveen/udmey/install/my_robot_interfaces/share/my_robot_interfaces/environment/path.sh
[0.274s] -- Up-to-date symlink: /home/praveen/udmey/install/my_robot_interfaces/share/my_robot_interfaces/environment/path.dsv
[0.274s] -- Up-to-date symlink: /home/praveen/udmey/install/my_robot_interfaces/share/my_robot_interfaces/local_setup.bash
[0.274s] -- Up-to-date symlink: /home/praveen/udmey/install/my_robot_interfaces/share/my_robot_interfaces/local_setup.sh
[0.275s] -- Up-to-date symlink: /home/praveen/udmey/install/my_robot_interfaces/share/my_robot_interfaces/local_setup.zsh
[0.275s] -- Up-to-date symlink: /home/praveen/udmey/install/my_robot_interfaces/share/my_robot_interfaces/local_setup.dsv
[0.275s] -- Symlinking: /home/praveen/udmey/install/my_robot_interfaces/share/my_robot_interfaces/package.dsv
[0.284s] -- Up-to-date symlink: /home/praveen/udmey/install/my_robot_interfaces/share/ament_index/resource_index/packages/my_robot_interfaces
[0.284s] -- Up-to-date symlink: /home/praveen/udmey/install/my_robot_interfaces/share/my_robot_interfaces/cmake/my_robot_interfacesConfig.cmake
[0.284s] -- Up-to-date symlink: /home/praveen/udmey/install/my_robot_interfaces/share/my_robot_interfaces/cmake/my_robot_interfacesConfig-version.cmake
[0.285s] -- Up-to-date symlink: /home/praveen/udmey/install/my_robot_interfaces/share/my_robot_interfaces/package.xml
[0.288s] Invoked command in '/home/praveen/udmey/build/my_robot_interfaces' returned '0': CMAKE_PREFIX_PATH=/home/praveen/udmey/install/activity:/home/praveen/manik/install/manikrobotic:/home/praveen/ros2_ws/install/hello:/opt/ros/humble /usr/bin/cmake --install /home/praveen/udmey/build/my_robot_interfaces
