[0.077s] DEBUG:colcon:Command line arguments: ['/usr/bin/colcon', 'build', '--symlink-install']
[0.077s] DEBUG:colcon:Parsed command line arguments: Namespace(log_base=None, log_level=None, verb_name='build', build_base='build', install_base='install', merge_install=False, symlink_install=True, test_result_base=None, continue_on_error=False, executor='parallel', parallel_workers=12, event_handlers=None, ignore_user_meta=False, metas=['./colcon.meta'], base_paths=['.'], packages_ignore=None, packages_ignore_regex=None, paths=None, packages_up_to=None, packages_up_to_regex=None, packages_above=None, packages_above_and_dependencies=None, packages_above_depth=None, packages_select_by_dep=None, packages_skip_by_dep=None, packages_skip_up_to=None, packages_select_build_failed=False, packages_skip_build_finished=False, packages_select_test_failures=False, packages_skip_test_passed=False, packages_select=None, packages_skip=None, packages_select_regex=None, packages_skip_regex=None, packages_start=None, packages_end=None, allow_overriding=[], cmake_args=None, cmake_target=None, cmake_target_skip_unavailable=False, cmake_clean_cache=False, cmake_clean_first=False, cmake_force_configure=False, ament_cmake_args=None, catkin_cmake_args=None, catkin_skip_building_tests=False, verb_parser=<colcon_defaults.argument_parser.defaults.DefaultArgumentsDecorator object at 0x7dab97cebd30>, verb_extension=<colcon_core.verb.build.BuildVerb object at 0x7dab97c3c9a0>, main=<bound method BuildVerb.main of <colcon_core.verb.build.BuildVerb object at 0x7dab97c3c9a0>>)
[0.209s] Level 1:colcon.colcon_core.package_discovery:discover_packages(colcon_meta) check parameters
[0.210s] Level 1:colcon.colcon_core.package_discovery:discover_packages(recursive) check parameters
[0.210s] Level 1:colcon.colcon_core.package_discovery:discover_packages(ignore) check parameters
[0.210s] Level 1:colcon.colcon_core.package_discovery:discover_packages(path) check parameters
[0.210s] Level 1:colcon.colcon_core.package_discovery:discover_packages(colcon_meta) discover
[0.210s] Level 1:colcon.colcon_core.package_discovery:discover_packages(recursive) discover
[0.210s] INFO:colcon.colcon_core.package_discovery:Crawling recursively for packages in '/home/praveen/udmey'
[0.210s] Level 1:colcon.colcon_core.package_identification:_identify(.) by extensions ['ignore', 'ignore_ament_install']
[0.210s] Level 1:colcon.colcon_core.package_identification:_identify(.) by extension 'ignore'
[0.210s] Level 1:colcon.colcon_core.package_identification:_identify(.) by extension 'ignore_ament_install'
[0.210s] Level 1:colcon.colcon_core.package_identification:_identify(.) by extensions ['colcon_pkg']
[0.210s] Level 1:colcon.colcon_core.package_identification:_identify(.) by extension 'colcon_pkg'
[0.210s] Level 1:colcon.colcon_core.package_identification:_identify(.) by extensions ['colcon_meta']
[0.210s] Level 1:colcon.colcon_core.package_identification:_identify(.) by extension 'colcon_meta'
[0.210s] Level 1:colcon.colcon_core.package_identification:_identify(.) by extensions ['ros']
[0.210s] Level 1:colcon.colcon_core.package_identification:_identify(.) by extension 'ros'
[0.218s] Level 1:colcon.colcon_core.package_identification:_identify(.) by extensions ['cmake', 'python']
[0.218s] Level 1:colcon.colcon_core.package_identification:_identify(.) by extension 'cmake'
[0.218s] Level 1:colcon.colcon_core.package_identification:_identify(.) by extension 'python'
[0.218s] Level 1:colcon.colcon_core.package_identification:_identify(.) by extensions ['python_setup_py']
[0.218s] Level 1:colcon.colcon_core.package_identification:_identify(.) by extension 'python_setup_py'
[0.218s] Level 1:colcon.colcon_core.package_identification:_identify(build) by extensions ['ignore', 'ignore_ament_install']
[0.218s] Level 1:colcon.colcon_core.package_identification:_identify(build) by extension 'ignore'
[0.218s] Level 1:colcon.colcon_core.package_identification:_identify(build) ignored
[0.218s] Level 1:colcon.colcon_core.package_identification:_identify(install) by extensions ['ignore', 'ignore_ament_install']
[0.219s] Level 1:colcon.colcon_core.package_identification:_identify(install) by extension 'ignore'
[0.219s] Level 1:colcon.colcon_core.package_identification:_identify(install) ignored
[0.219s] Level 1:colcon.colcon_core.package_identification:_identify(log) by extensions ['ignore', 'ignore_ament_install']
[0.219s] Level 1:colcon.colcon_core.package_identification:_identify(log) by extension 'ignore'
[0.219s] Level 1:colcon.colcon_core.package_identification:_identify(log) ignored
[0.219s] Level 1:colcon.colcon_core.package_identification:_identify(src) by extensions ['ignore', 'ignore_ament_install']
[0.219s] Level 1:colcon.colcon_core.package_identification:_identify(src) by extension 'ignore'
[0.219s] Level 1:colcon.colcon_core.package_identification:_identify(src) by extension 'ignore_ament_install'
[0.219s] Level 1:colcon.colcon_core.package_identification:_identify(src) by extensions ['colcon_pkg']
[0.219s] Level 1:colcon.colcon_core.package_identification:_identify(src) by extension 'colcon_pkg'
[0.219s] Level 1:colcon.colcon_core.package_identification:_identify(src) by extensions ['colcon_meta']
[0.219s] Level 1:colcon.colcon_core.package_identification:_identify(src) by extension 'colcon_meta'
[0.219s] Level 1:colcon.colcon_core.package_identification:_identify(src) by extensions ['ros']
[0.219s] Level 1:colcon.colcon_core.package_identification:_identify(src) by extension 'ros'
[0.219s] Level 1:colcon.colcon_core.package_identification:_identify(src) by extensions ['cmake', 'python']
[0.219s] Level 1:colcon.colcon_core.package_identification:_identify(src) by extension 'cmake'
[0.219s] Level 1:colcon.colcon_core.package_identification:_identify(src) by extension 'python'
[0.219s] Level 1:colcon.colcon_core.package_identification:_identify(src) by extensions ['python_setup_py']
[0.219s] Level 1:colcon.colcon_core.package_identification:_identify(src) by extension 'python_setup_py'
[0.219s] Level 1:colcon.colcon_core.package_identification:_identify(src/activity) by extensions ['ignore', 'ignore_ament_install']
[0.219s] Level 1:colcon.colcon_core.package_identification:_identify(src/activity) by extension 'ignore'
[0.219s] Level 1:colcon.colcon_core.package_identification:_identify(src/activity) by extension 'ignore_ament_install'
[0.220s] Level 1:colcon.colcon_core.package_identification:_identify(src/activity) by extensions ['colcon_pkg']
[0.220s] Level 1:colcon.colcon_core.package_identification:_identify(src/activity) by extension 'colcon_pkg'
[0.220s] Level 1:colcon.colcon_core.package_identification:_identify(src/activity) by extensions ['colcon_meta']
[0.220s] Level 1:colcon.colcon_core.package_identification:_identify(src/activity) by extension 'colcon_meta'
[0.220s] Level 1:colcon.colcon_core.package_identification:_identify(src/activity) by extensions ['ros']
[0.220s] Level 1:colcon.colcon_core.package_identification:_identify(src/activity) by extension 'ros'
[0.221s] DEBUG:colcon.colcon_core.package_identification:Package 'src/activity' with type 'ros.ament_python' and name 'activity'
[0.221s] Level 1:colcon.colcon_core.package_discovery:discover_packages(recursive) using defaults
[0.221s] Level 1:colcon.colcon_core.package_discovery:discover_packages(ignore) discover
[0.221s] Level 1:colcon.colcon_core.package_discovery:discover_packages(ignore) using defaults
[0.221s] Level 1:colcon.colcon_core.package_discovery:discover_packages(path) discover
[0.221s] Level 1:colcon.colcon_core.package_discovery:discover_packages(path) using defaults
[0.244s] Level 1:colcon.colcon_core.package_discovery:discover_packages(prefix_path) check parameters
[0.244s] Level 1:colcon.colcon_core.package_discovery:discover_packages(prefix_path) discover
[0.245s] DEBUG:colcon.colcon_installed_package_information.package_discovery:Found 0 installed packages in /home/praveen/my/install
[0.245s] DEBUG:colcon.colcon_installed_package_information.package_discovery:Found 1 installed packages in /home/praveen/udmey/install
[0.246s] DEBUG:colcon.colcon_installed_package_information.package_discovery:Found 1 installed packages in /home/praveen/manik/install
[0.246s] DEBUG:colcon.colcon_installed_package_information.package_discovery:Found 1 installed packages in /home/praveen/ros2_ws/install
[0.247s] DEBUG:colcon.colcon_installed_package_information.package_discovery:Found 270 installed packages in /opt/ros/humble
[0.248s] Level 1:colcon.colcon_core.package_discovery:discover_packages(prefix_path) using defaults
[0.276s] Level 5:colcon.colcon_core.verb:set package 'activity' build argument 'cmake_args' from command line to 'None'
[0.276s] Level 5:colcon.colcon_core.verb:set package 'activity' build argument 'cmake_target' from command line to 'None'
[0.276s] Level 5:colcon.colcon_core.verb:set package 'activity' build argument 'cmake_target_skip_unavailable' from command line to 'False'
[0.276s] Level 5:colcon.colcon_core.verb:set package 'activity' build argument 'cmake_clean_cache' from command line to 'False'
[0.276s] Level 5:colcon.colcon_core.verb:set package 'activity' build argument 'cmake_clean_first' from command line to 'False'
[0.276s] Level 5:colcon.colcon_core.verb:set package 'activity' build argument 'cmake_force_configure' from command line to 'False'
[0.276s] Level 5:colcon.colcon_core.verb:set package 'activity' build argument 'ament_cmake_args' from command line to 'None'
[0.276s] Level 5:colcon.colcon_core.verb:set package 'activity' build argument 'catkin_cmake_args' from command line to 'None'
[0.276s] Level 5:colcon.colcon_core.verb:set package 'activity' build argument 'catkin_skip_building_tests' from command line to 'False'
[0.276s] DEBUG:colcon.colcon_core.verb:Building package 'activity' with the following arguments: {'ament_cmake_args': None, 'build_base': '/home/praveen/udmey/build/activity', 'catkin_cmake_args': None, 'catkin_skip_building_tests': False, 'cmake_args': None, 'cmake_clean_cache': False, 'cmake_clean_first': False, 'cmake_force_configure': False, 'cmake_target': None, 'cmake_target_skip_unavailable': False, 'install_base': '/home/praveen/udmey/install/activity', 'merge_install': False, 'path': '/home/praveen/udmey/src/activity', 'symlink_install': True, 'test_result_base': None}
[0.276s] INFO:colcon.colcon_core.executor:Executing jobs using 'parallel' executor
[0.277s] DEBUG:colcon.colcon_parallel_executor.executor.parallel:run_until_complete
[0.277s] INFO:colcon.colcon_ros.task.ament_python.build:Building ROS package in '/home/praveen/udmey/src/activity' with build type 'ament_python'
[0.277s] Level 1:colcon.colcon_core.shell:create_environment_hook('activity', 'ament_prefix_path')
[0.279s] INFO:colcon.colcon_core.plugin_system:Skipping extension 'colcon_core.shell.bat': Not used on non-Windows systems
[0.279s] INFO:colcon.colcon_core.shell:Creating environment hook '/home/praveen/udmey/install/activity/share/activity/hook/ament_prefix_path.ps1'
[0.279s] INFO:colcon.colcon_core.shell:Creating environment descriptor '/home/praveen/udmey/install/activity/share/activity/hook/ament_prefix_path.dsv'
[0.280s] INFO:colcon.colcon_core.shell:Creating environment hook '/home/praveen/udmey/install/activity/share/activity/hook/ament_prefix_path.sh'
[0.280s] INFO:colcon.colcon_core.shell:Skip shell extension 'powershell' for command environment: Not usable outside of PowerShell
[0.280s] DEBUG:colcon.colcon_core.shell:Skip shell extension 'dsv' for command environment
[0.486s] INFO:colcon.colcon_core.task.python.build:Building Python package in '/home/praveen/udmey/src/activity'
[0.486s] INFO:colcon.colcon_core.shell:Skip shell extension 'powershell' for command environment: Not usable outside of PowerShell
[0.486s] DEBUG:colcon.colcon_core.shell:Skip shell extension 'dsv' for command environment
[0.740s] DEBUG:colcon.colcon_core.event_handler.log_command:Invoking command in '/home/praveen/udmey/build/activity': PYTHONPATH=/home/praveen/udmey/build/activity/prefix_override:/home/praveen/udmey/install/activity/lib/python3.10/site-packages:${PYTHONPATH} /usr/bin/python3 -W ignore:setup.py install is deprecated setup.py develop --editable --build-directory /home/praveen/udmey/build/activity/build --no-deps symlink_data
[1.091s] Level 1:colcon.colcon_core.shell:create_environment_hook('activity', 'pythonpath_develop')
[1.091s] INFO:colcon.colcon_core.shell:Creating environment hook '/home/praveen/udmey/build/activity/share/activity/hook/pythonpath_develop.ps1'
[1.092s] DEBUG:colcon.colcon_core.event_handler.log_command:Invoked command in '/home/praveen/udmey/build/activity' returned '0': PYTHONPATH=/home/praveen/udmey/build/activity/prefix_override:/home/praveen/udmey/install/activity/lib/python3.10/site-packages:${PYTHONPATH} /usr/bin/python3 -W ignore:setup.py install is deprecated setup.py develop --editable --build-directory /home/praveen/udmey/build/activity/build --no-deps symlink_data
[1.092s] INFO:colcon.colcon_core.shell:Creating environment descriptor '/home/praveen/udmey/build/activity/share/activity/hook/pythonpath_develop.dsv'
[1.092s] INFO:colcon.colcon_core.shell:Creating environment hook '/home/praveen/udmey/build/activity/share/activity/hook/pythonpath_develop.sh'
[1.094s] Level 1:colcon.colcon_core.environment:checking '/home/praveen/udmey/install/activity' for CMake module files
[1.095s] Level 1:colcon.colcon_core.environment:checking '/home/praveen/udmey/install/activity' for CMake config files
[1.095s] Level 1:colcon.colcon_core.environment:checking '/home/praveen/udmey/install/activity/lib'
[1.095s] Level 1:colcon.colcon_core.environment:checking '/home/praveen/udmey/install/activity/bin'
[1.095s] Level 1:colcon.colcon_core.environment:checking '/home/praveen/udmey/install/activity/lib/pkgconfig/activity.pc'
[1.095s] Level 1:colcon.colcon_core.environment:checking '/home/praveen/udmey/install/activity/lib/python3.10/site-packages'
[1.095s] Level 1:colcon.colcon_core.shell:create_environment_hook('activity', 'pythonpath')
[1.096s] INFO:colcon.colcon_core.shell:Creating environment hook '/home/praveen/udmey/install/activity/share/activity/hook/pythonpath.ps1'
[1.096s] INFO:colcon.colcon_core.shell:Creating environment descriptor '/home/praveen/udmey/install/activity/share/activity/hook/pythonpath.dsv'
[1.096s] INFO:colcon.colcon_core.shell:Creating environment hook '/home/praveen/udmey/install/activity/share/activity/hook/pythonpath.sh'
[1.096s] Level 1:colcon.colcon_core.environment:checking '/home/praveen/udmey/install/activity/bin'
[1.097s] Level 1:colcon.colcon_core.environment:create_environment_scripts_only(activity)
[1.097s] INFO:colcon.colcon_core.shell:Creating package script '/home/praveen/udmey/install/activity/share/activity/package.ps1'
[1.097s] INFO:colcon.colcon_core.shell:Creating package descriptor '/home/praveen/udmey/install/activity/share/activity/package.dsv'
[1.098s] INFO:colcon.colcon_core.shell:Creating package script '/home/praveen/udmey/install/activity/share/activity/package.sh'
[1.098s] INFO:colcon.colcon_core.shell:Creating package script '/home/praveen/udmey/install/activity/share/activity/package.bash'
[1.099s] INFO:colcon.colcon_core.shell:Creating package script '/home/praveen/udmey/install/activity/share/activity/package.zsh'
[1.099s] Level 1:colcon.colcon_core.environment:create_file_with_runtime_dependencies(/home/praveen/udmey/install/activity/share/colcon-core/packages/activity)
[1.099s] DEBUG:colcon.colcon_parallel_executor.executor.parallel:closing loop
[1.100s] DEBUG:colcon.colcon_parallel_executor.executor.parallel:loop closed
[1.100s] DEBUG:colcon.colcon_parallel_executor.executor.parallel:run_until_complete finished with '0'
[1.100s] DEBUG:colcon.colcon_core.event_reactor:joining thread
[1.104s] INFO:colcon.colcon_core.plugin_system:Skipping extension 'colcon_notification.desktop_notification.terminal_notifier': Not used on non-Darwin systems
[1.104s] INFO:colcon.colcon_core.plugin_system:Skipping extension 'colcon_notification.desktop_notification.win32': Not used on non-Windows systems
[1.104s] INFO:colcon.colcon_notification.desktop_notification:Sending desktop notification using 'notify2'
[1.112s] DEBUG:colcon.colcon_core.event_reactor:joined thread
[1.112s] INFO:colcon.colcon_core.shell:Creating prefix script '/home/praveen/udmey/install/local_setup.ps1'
[1.113s] INFO:colcon.colcon_core.shell:Creating prefix util module '/home/praveen/udmey/install/_local_setup_util_ps1.py'
[1.114s] INFO:colcon.colcon_core.shell:Creating prefix chain script '/home/praveen/udmey/install/setup.ps1'
[1.115s] INFO:colcon.colcon_core.shell:Creating prefix script '/home/praveen/udmey/install/local_setup.sh'
[1.115s] INFO:colcon.colcon_core.shell:Creating prefix util module '/home/praveen/udmey/install/_local_setup_util_sh.py'
[1.116s] INFO:colcon.colcon_core.shell:Creating prefix chain script '/home/praveen/udmey/install/setup.sh'
[1.116s] INFO:colcon.colcon_core.shell:Creating prefix script '/home/praveen/udmey/install/local_setup.bash'
[1.117s] INFO:colcon.colcon_core.shell:Creating prefix chain script '/home/praveen/udmey/install/setup.bash'
[1.117s] INFO:colcon.colcon_core.shell:Creating prefix script '/home/praveen/udmey/install/local_setup.zsh'
[1.118s] INFO:colcon.colcon_core.shell:Creating prefix chain script '/home/praveen/udmey/install/setup.zsh'
