[0.223s] Invoking command in '/home/praveen/udmey/build/my_robot_interfaces': CMAKE_PREFIX_PATH=/home/praveen/udmey/install/activity:/home/praveen/manik/install/manikrobotic:/home/praveen/ros2_ws/install/hello:/opt/ros/humble /usr/bin/cmake /home/praveen/udmey/src/my_robot_interfaces -DAMENT_CMAKE_SYMLINK_INSTALL=1 -DCMAKE_INSTALL_PREFIX=/home/praveen/udmey/install/my_robot_interfaces
[0.234s] -- Found ament_cmake: 1.3.9 (/opt/ros/humble/share/ament_cmake/cmake)
[0.336s] -- Override CMake install command with custom implementation using symlinks instead of copying resources
[0.343s] -- Found ament_lint_auto: 0.12.11 (/opt/ros/humble/share/ament_lint_auto/cmake)
[0.420s] -- Added test 'lint_cmake' to check CMake code style
[0.421s] -- Added test 'xmllint' to check XML markup files
[0.423s] -- Configuring done
[0.427s] -- Generating done
[0.427s] -- Build files have been written to: /home/praveen/udmey/build/my_robot_interfaces
[0.431s] Invoked command in '/home/praveen/udmey/build/my_robot_interfaces' returned '0': CMAKE_PREFIX_PATH=/home/praveen/udmey/install/activity:/home/praveen/manik/install/manikrobotic:/home/praveen/ros2_ws/install/hello:/opt/ros/humble /usr/bin/cmake /home/praveen/udmey/src/my_robot_interfaces -DAMENT_CMAKE_SYMLINK_INSTALL=1 -DCMAKE_INSTALL_PREFIX=/home/praveen/udmey/install/my_robot_interfaces
[0.433s] Invoking command in '/home/praveen/udmey/build/my_robot_interfaces': CMAKE_PREFIX_PATH=/home/praveen/udmey/install/activity:/home/praveen/manik/install/manikrobotic:/home/praveen/ros2_ws/install/hello:/opt/ros/humble /usr/bin/cmake --build /home/praveen/udmey/build/my_robot_interfaces -- -j12 -l12
[0.477s] Invoked command in '/home/praveen/udmey/build/my_robot_interfaces' returned '0': CMAKE_PREFIX_PATH=/home/praveen/udmey/install/activity:/home/praveen/manik/install/manikrobotic:/home/praveen/ros2_ws/install/hello:/opt/ros/humble /usr/bin/cmake --build /home/praveen/udmey/build/my_robot_interfaces -- -j12 -l12
[0.513s] Invoking command in '/home/praveen/udmey/build/my_robot_interfaces': CMAKE_PREFIX_PATH=/home/praveen/udmey/install/activity:/home/praveen/manik/install/manikrobotic:/home/praveen/ros2_ws/install/hello:/opt/ros/humble /usr/bin/cmake --install /home/praveen/udmey/build/my_robot_interfaces
[0.521s] -- Install configuration: ""
[0.521s] -- Execute custom install script
[0.522s] -- Symlinking: /home/praveen/udmey/install/my_robot_interfaces/share/ament_index/resource_index/package_run_dependencies/my_robot_interfaces
[0.532s] -- Symlinking: /home/praveen/udmey/install/my_robot_interfaces/share/ament_index/resource_index/parent_prefix_path/my_robot_interfaces
[0.543s] -- Symlinking: /home/praveen/udmey/install/my_robot_interfaces/share/my_robot_interfaces/environment/ament_prefix_path.sh
[0.553s] -- Symlinking: /home/praveen/udmey/install/my_robot_interfaces/share/my_robot_interfaces/environment/ament_prefix_path.dsv
[0.561s] -- Symlinking: /home/praveen/udmey/install/my_robot_interfaces/share/my_robot_interfaces/environment/path.sh
[0.570s] -- Symlinking: /home/praveen/udmey/install/my_robot_interfaces/share/my_robot_interfaces/environment/path.dsv
[0.580s] -- Symlinking: /home/praveen/udmey/install/my_robot_interfaces/share/my_robot_interfaces/local_setup.bash
[0.589s] -- Symlinking: /home/praveen/udmey/install/my_robot_interfaces/share/my_robot_interfaces/local_setup.sh
[0.597s] -- Symlinking: /home/praveen/udmey/install/my_robot_interfaces/share/my_robot_interfaces/local_setup.zsh
[0.606s] -- Symlinking: /home/praveen/udmey/install/my_robot_interfaces/share/my_robot_interfaces/local_setup.dsv
[0.614s] -- Symlinking: /home/praveen/udmey/install/my_robot_interfaces/share/my_robot_interfaces/package.dsv
[0.624s] -- Symlinking: /home/praveen/udmey/install/my_robot_interfaces/share/ament_index/resource_index/packages/my_robot_interfaces
[0.634s] -- Symlinking: /home/praveen/udmey/install/my_robot_interfaces/share/my_robot_interfaces/cmake/my_robot_interfacesConfig.cmake
[0.643s] -- Symlinking: /home/praveen/udmey/install/my_robot_interfaces/share/my_robot_interfaces/cmake/my_robot_interfacesConfig-version.cmake
[0.653s] -- Symlinking: /home/praveen/udmey/install/my_robot_interfaces/share/my_robot_interfaces/package.xml
[0.664s] Invoked command in '/home/praveen/udmey/build/my_robot_interfaces' returned '0': CMAKE_PREFIX_PATH=/home/praveen/udmey/install/activity:/home/praveen/manik/install/manikrobotic:/home/praveen/ros2_ws/install/hello:/opt/ros/humble /usr/bin/cmake --install /home/praveen/udmey/build/my_robot_interfaces
