[0.225s] Invoking command in '/home/praveen/udmey/build/my_robot_interfaces': CMAKE_PREFIX_PATH=${CMAKE_PREFIX_PATH}:/home/praveen/udmey/install/activity:/home/praveen/manik/install/manikrobotic:/home/praveen/ros2_ws/install/hello:/opt/ros/humble /usr/bin/cmake /home/praveen/udmey/src/my_robot_interfaces -DAMENT_CMAKE_SYMLINK_INSTALL=1 -DCMAKE_INSTALL_PREFIX=/home/praveen/udmey/install/my_robot_interfaces
[0.237s] -- Found ament_cmake: 1.3.9 (/opt/ros/humble/share/ament_cmake/cmake)
[0.337s] -- Override CMake install command with custom implementation using symlinks instead of copying resources
[0.343s] -- Found rosidl_default_generators: 1.2.0 (/opt/ros/humble/share/rosidl_default_generators/cmake)
[0.344s] -- Using all available rosidl_typesupport_c: rosidl_typesupport_fastrtps_c;rosidl_typesupport_introspection_c
[0.346s] -- Found rosidl_adapter: 3.1.5 (/opt/ros/humble/share/rosidl_adapter/cmake)
[0.370s] -- Using all available rosidl_typesupport_cpp: rosidl_typesupport_fastrtps_cpp;rosidl_typesupport_introspection_cpp
[0.557s] [31mCMake Error at /opt/ros/humble/share/rosidl_adapter/cmake/rosidl_adapt_interfaces.cmake:59 (message):
[0.557s]   execute_process(/usr/bin/python3 -m rosidl_adapter --package-name
[0.557s]   my_robot_interfaces --arguments-file
[0.557s]   /home/praveen/udmey/build/my_robot_interfaces/rosidl_adapter__arguments__my_robot_interfaces.json
[0.557s]   --output-dir
[0.557s]   /home/praveen/udmey/build/my_robot_interfaces/rosidl_adapter/my_robot_interfaces
[0.557s]   --output-file
[0.557s]   /home/praveen/udmey/build/my_robot_interfaces/rosidl_adapter/my_robot_interfaces.idls)
[0.557s]   returned error code 1:
[0.557s] 
[0.557s]   Traceback (most recent call last):
[0.557s] 
[0.557s]     File "/usr/lib/python3.10/runpy.py", line 196, in _run_module_as_main
[0.557s]       return _run_code(code, main_globals, None,
[0.558s]     File "/usr/lib/python3.10/runpy.py", line 86, in _run_code
[0.558s]       exec(code, run_globals)
[0.558s]     File "/opt/ros/humble/local/lib/python3.10/dist-packages/rosidl_adapter/__main__.py", line 19, in <module>
[0.558s]       sys.exit(main())
[0.558s]     File "/opt/ros/humble/local/lib/python3.10/dist-packages/rosidl_adapter/main.py", line 53, in main
[0.558s]       abs_idl_file = convert_to_idl(
[0.558s]     File "/opt/ros/humble/local/lib/python3.10/dist-packages/rosidl_adapter/__init__.py", line 24, in convert_to_idl
[0.558s]       return convert_srv_to_idl(
[0.558s]     File "/opt/ros/humble/local/lib/python3.10/dist-packages/rosidl_adapter/srv/__init__.py", line 28, in convert_srv_to_idl
[0.558s]       srv = parse_service_string(package_name, input_file.stem, content)
[0.558s]     File "/opt/ros/humble/local/lib/python3.10/dist-packages/rosidl_adapter/parser.py", line 850, in parse_service_string
[0.558s]       raise InvalidServiceSpecification(
[0.558s] 
[0.558s]   rosidl_adapter.parser.InvalidServiceSpecification: Could not find separator
[0.558s]   '---' between request and response
[0.558s] 
[0.558s] Call Stack (most recent call first):
[0.558s]   /opt/ros/humble/share/rosidl_cmake/cmake/rosidl_generate_interfaces.cmake:130 (rosidl_adapt_interfaces)
[0.559s]   CMakeLists.txt:17 (rosidl_generate_interfaces)
[0.559s] 
[0.559s] [0m
[0.559s] -- Configuring incomplete, errors occurred!
[0.559s] See also "/home/praveen/udmey/build/my_robot_interfaces/CMakeFiles/CMakeOutput.log".
[0.564s] Invoked command in '/home/praveen/udmey/build/my_robot_interfaces' returned '1': CMAKE_PREFIX_PATH=${CMAKE_PREFIX_PATH}:/home/praveen/udmey/install/activity:/home/praveen/manik/install/manikrobotic:/home/praveen/ros2_ws/install/hello:/opt/ros/humble /usr/bin/cmake /home/praveen/udmey/src/my_robot_interfaces -DAMENT_CMAKE_SYMLINK_INSTALL=1 -DCMAKE_INSTALL_PREFIX=/home/praveen/udmey/install/my_robot_interfaces
