[0.010s] Invoking command in '/home/praveen/udmey/build/my_robot_interfaces': /usr/bin/cmake /home/praveen/udmey/src/my_robot_interfaces -DCMAKE_INSTALL_PREFIX=/home/praveen/udmey/install/my_robot_interfaces
[0.022s] -- Found ament_cmake: 1.3.9 (/opt/ros/humble/share/ament_cmake/cmake)
[0.136s] [31mCMake Error at CMakeLists.txt:15 (find_package):
[0.136s]   By not providing "Findament_python.cmake" in CMAKE_MODULE_PATH this project
[0.136s]   has asked CMake to find a package configuration file provided by
[0.136s]   "ament_python", but CMake did not find one.
[0.136s] 
[0.136s]   Could not find a package configuration file provided by "ament_python" with
[0.136s]   any of the following names:
[0.136s] 
[0.136s]     ament_pythonConfig.cmake
[0.136s]     ament_python-config.cmake
[0.137s] 
[0.137s]   Add the installation prefix of "ament_python" to CMAKE_PREFIX_PATH or set
[0.137s]   "ament_python_DIR" to a directory containing one of the above files.  If
[0.137s]   "ament_python" provides a separate development package or SDK, be sure it
[0.137s]   has been installed.
[0.137s] 
[0.137s] [0m
[0.137s] -- Configuring incomplete, errors occurred!
[0.137s] See also "/home/praveen/udmey/build/my_robot_interfaces/CMakeFiles/CMakeOutput.log".
[0.139s] Invoked command in '/home/praveen/udmey/build/my_robot_interfaces' returned '1': /usr/bin/cmake /home/praveen/udmey/src/my_robot_interfaces -DCMAKE_INSTALL_PREFIX=/home/praveen/udmey/install/my_robot_interfaces
