[0.208s] Invoking command in '/home/praveen/udmey/build/my_robot_interfaces': CMAKE_PREFIX_PATH=${CMAKE_PREFIX_PATH}:/home/praveen/udmey/install/activity:/home/praveen/manik/install/manikrobotic:/home/praveen/ros2_ws/install/hello:/opt/ros/humble /usr/bin/cmake --build /home/praveen/udmey/build/my_robot_interfaces -- -j12 -l12
[0.243s] [35m[1mConsolidate compiler generated dependencies of target my_robot_interfaces__rosidl_generator_c[0m
[0.251s] [  3%] Built target my_robot_interfaces__cpp
[0.252s] [ 12%] Built target my_robot_interfaces__rosidl_generator_c
[0.260s] [ 12%] Built target ament_cmake_python_symlink_my_robot_interfaces
[0.261s] [35m[1mConsolidate compiler generated dependencies of target my_robot_interfaces__rosidl_typesupport_fastrtps_cpp[0m
[0.262s] [35m[1mConsolidate compiler generated dependencies of target my_robot_interfaces__rosidl_typesupport_introspection_cpp[0m
[0.262s] [35m[1mConsolidate compiler generated dependencies of target my_robot_interfaces__rosidl_typesupport_introspection_c[0m
[0.262s] [35m[1mConsolidate compiler generated dependencies of target my_robot_interfaces__rosidl_typesupport_cpp[0m
[0.263s] [35m[1mConsolidate compiler generated dependencies of target my_robot_interfaces__rosidl_typesupport_fastrtps_c[0m
[0.263s] [35m[1mConsolidate compiler generated dependencies of target my_robot_interfaces__rosidl_typesupport_c[0m
[0.273s] [ 29%] Built target my_robot_interfaces__rosidl_typesupport_introspection_c
[0.273s] [ 32%] Built target my_robot_interfaces__rosidl_typesupport_c
[0.275s] [ 45%] Built target my_robot_interfaces__rosidl_typesupport_introspection_cpp
[0.276s] [ 51%] Built target my_robot_interfaces__rosidl_typesupport_cpp
[0.276s] [ 61%] Built target my_robot_interfaces__rosidl_typesupport_fastrtps_cpp
[0.277s] [ 70%] Built target my_robot_interfaces__rosidl_typesupport_fastrtps_c
[0.296s] [ 70%] Built target my_robot_interfaces
[0.315s] [ 74%] Built target my_robot_interfaces__py
[0.324s] [35m[1mConsolidate compiler generated dependencies of target my_robot_interfaces__rosidl_generator_py[0m
[0.337s] [ 80%] Built target my_robot_interfaces__rosidl_generator_py
[0.347s] [35m[1mConsolidate compiler generated dependencies of target my_robot_interfaces__rosidl_typesupport_c__pyext[0m
[0.347s] [35m[1mConsolidate compiler generated dependencies of target my_robot_interfaces__rosidl_typesupport_fastrtps_c__pyext[0m
[0.347s] [35m[1mConsolidate compiler generated dependencies of target my_robot_interfaces__rosidl_typesupport_introspection_c__pyext[0m
[0.359s] [100%] Built target my_robot_interfaces__rosidl_typesupport_fastrtps_c__pyext
[0.359s] [100%] Built target my_robot_interfaces__rosidl_typesupport_introspection_c__pyext
[0.359s] [100%] Built target my_robot_interfaces__rosidl_typesupport_c__pyext
[0.472s] running egg_info
[0.472s] writing my_robot_interfaces.egg-info/PKG-INFO
[0.473s] writing dependency_links to my_robot_interfaces.egg-info/dependency_links.txt
[0.473s] writing top-level names to my_robot_interfaces.egg-info/top_level.txt
[0.474s] reading manifest file 'my_robot_interfaces.egg-info/SOURCES.txt'
[0.475s] writing manifest file 'my_robot_interfaces.egg-info/SOURCES.txt'
[0.496s] [100%] Built target ament_cmake_python_build_my_robot_interfaces_egg
[0.506s] Invoked command in '/home/praveen/udmey/build/my_robot_interfaces' returned '0': CMAKE_PREFIX_PATH=${CMAKE_PREFIX_PATH}:/home/praveen/udmey/install/activity:/home/praveen/manik/install/manikrobotic:/home/praveen/ros2_ws/install/hello:/opt/ros/humble /usr/bin/cmake --build /home/praveen/udmey/build/my_robot_interfaces -- -j12 -l12
[0.568s] Invoking command in '/home/praveen/udmey/build/my_robot_interfaces': CMAKE_PREFIX_PATH=${CMAKE_PREFIX_PATH}:/home/praveen/udmey/install/activity:/home/praveen/manik/install/manikrobotic:/home/praveen/ros2_ws/install/hello:/opt/ros/humble /usr/bin/cmake --install /home/praveen/udmey/build/my_robot_interfaces
[0.574s] -- Install configuration: ""
[0.575s] -- Execute custom install script
[0.575s] -- Up-to-date symlink: /home/praveen/udmey/install/my_robot_interfaces/share/ament_index/resource_index/rosidl_interfaces/my_robot_interfaces
[0.575s] -- Up-to-date symlink: /home/praveen/udmey/install/my_robot_interfaces/include/my_robot_interfaces/my_robot_interfaces/msg/detail/hardware_status__functions.h
[0.575s] -- Up-to-date symlink: /home/praveen/udmey/install/my_robot_interfaces/include/my_robot_interfaces/my_robot_interfaces/msg/detail/hardware_status__struct.h
[0.576s] -- Up-to-date symlink: /home/praveen/udmey/install/my_robot_interfaces/include/my_robot_interfaces/my_robot_interfaces/msg/detail/hardware_status__type_support.h
[0.576s] -- Up-to-date symlink: /home/praveen/udmey/install/my_robot_interfaces/include/my_robot_interfaces/my_robot_interfaces/msg/hardware_status.h
[0.576s] -- Up-to-date symlink: /home/praveen/udmey/install/my_robot_interfaces/include/my_robot_interfaces/my_robot_interfaces/msg/rosidl_generator_c__visibility_control.h
[0.576s] -- Up-to-date symlink: /home/praveen/udmey/install/my_robot_interfaces/share/my_robot_interfaces/environment/library_path.sh
[0.576s] -- Up-to-date symlink: /home/praveen/udmey/install/my_robot_interfaces/share/my_robot_interfaces/environment/library_path.dsv
[0.577s] -- Up-to-date symlink: /home/praveen/udmey/install/my_robot_interfaces/include/my_robot_interfaces/my_robot_interfaces/msg/detail/hardware_status__rosidl_typesupport_fastrtps_c.h
[0.577s] -- Up-to-date symlink: /home/praveen/udmey/install/my_robot_interfaces/include/my_robot_interfaces/my_robot_interfaces/msg/rosidl_typesupport_fastrtps_c__visibility_control.h
[0.577s] -- Up-to-date symlink: /home/praveen/udmey/install/my_robot_interfaces/include/my_robot_interfaces/my_robot_interfaces/msg/detail/hardware_status__rosidl_typesupport_introspection_c.h
[0.578s] -- Up-to-date symlink: /home/praveen/udmey/install/my_robot_interfaces/include/my_robot_interfaces/my_robot_interfaces/msg/rosidl_typesupport_introspection_c__visibility_control.h
[0.578s] -- Up-to-date symlink: /home/praveen/udmey/install/my_robot_interfaces/include/my_robot_interfaces/my_robot_interfaces/msg/detail/hardware_status__builder.hpp
[0.578s] -- Up-to-date symlink: /home/praveen/udmey/install/my_robot_interfaces/include/my_robot_interfaces/my_robot_interfaces/msg/detail/hardware_status__struct.hpp
[0.579s] -- Up-to-date symlink: /home/praveen/udmey/install/my_robot_interfaces/include/my_robot_interfaces/my_robot_interfaces/msg/detail/hardware_status__traits.hpp
[0.579s] -- Up-to-date symlink: /home/praveen/udmey/install/my_robot_interfaces/include/my_robot_interfaces/my_robot_interfaces/msg/hardware_status.hpp
[0.579s] -- Up-to-date symlink: /home/praveen/udmey/install/my_robot_interfaces/include/my_robot_interfaces/my_robot_interfaces/msg/detail/hardware_status__rosidl_typesupport_fastrtps_cpp.hpp
[0.579s] -- Up-to-date symlink: /home/praveen/udmey/install/my_robot_interfaces/include/my_robot_interfaces/my_robot_interfaces/msg/rosidl_typesupport_fastrtps_cpp__visibility_control.h
[0.580s] -- Up-to-date symlink: /home/praveen/udmey/install/my_robot_interfaces/include/my_robot_interfaces/my_robot_interfaces/msg/detail/hardware_status__rosidl_typesupport_introspection_cpp.hpp
[0.580s] -- Up-to-date symlink: /home/praveen/udmey/install/my_robot_interfaces/share/my_robot_interfaces/environment/pythonpath.sh
[0.580s] -- Up-to-date symlink: /home/praveen/udmey/install/my_robot_interfaces/share/my_robot_interfaces/environment/pythonpath.dsv
[0.580s] -- Up-to-date symlink: /home/praveen/udmey/install/my_robot_interfaces/local/lib/python3.10/dist-packages/my_robot_interfaces-0.0.0-py3.10.egg-info/PKG-INFO
[0.581s] -- Up-to-date symlink: /home/praveen/udmey/install/my_robot_interfaces/local/lib/python3.10/dist-packages/my_robot_interfaces-0.0.0-py3.10.egg-info/SOURCES.txt
[0.581s] -- Up-to-date symlink: /home/praveen/udmey/install/my_robot_interfaces/local/lib/python3.10/dist-packages/my_robot_interfaces-0.0.0-py3.10.egg-info/dependency_links.txt
[0.581s] -- Up-to-date symlink: /home/praveen/udmey/install/my_robot_interfaces/local/lib/python3.10/dist-packages/my_robot_interfaces-0.0.0-py3.10.egg-info/top_level.txt
[0.581s] -- Up-to-date symlink: /home/praveen/udmey/install/my_robot_interfaces/local/lib/python3.10/dist-packages/my_robot_interfaces/__init__.py
[0.581s] -- Up-to-date symlink: /home/praveen/udmey/install/my_robot_interfaces/local/lib/python3.10/dist-packages/my_robot_interfaces/_my_robot_interfaces_s.ep.rosidl_typesupport_c.c
[0.581s] -- Up-to-date symlink: /home/praveen/udmey/install/my_robot_interfaces/local/lib/python3.10/dist-packages/my_robot_interfaces/_my_robot_interfaces_s.ep.rosidl_typesupport_fastrtps_c.c
[0.581s] -- Up-to-date symlink: /home/praveen/udmey/install/my_robot_interfaces/local/lib/python3.10/dist-packages/my_robot_interfaces/_my_robot_interfaces_s.ep.rosidl_typesupport_introspection_c.c
[0.582s] -- Up-to-date symlink: /home/praveen/udmey/install/my_robot_interfaces/local/lib/python3.10/dist-packages/my_robot_interfaces/libmy_robot_interfaces__rosidl_generator_py.so
[0.582s] -- Up-to-date symlink: /home/praveen/udmey/install/my_robot_interfaces/local/lib/python3.10/dist-packages/my_robot_interfaces/msg/__init__.py
[0.582s] -- Up-to-date symlink: /home/praveen/udmey/install/my_robot_interfaces/local/lib/python3.10/dist-packages/my_robot_interfaces/msg/_hardware_status.py
[0.582s] -- Up-to-date symlink: /home/praveen/udmey/install/my_robot_interfaces/local/lib/python3.10/dist-packages/my_robot_interfaces/msg/_hardware_status_s.c
[0.582s] -- Up-to-date symlink: /home/praveen/udmey/install/my_robot_interfaces/local/lib/python3.10/dist-packages/my_robot_interfaces/my_robot_interfaces_s__rosidl_typesupport_c.cpython-310-x86_64-linux-gnu.so
[0.582s] -- Up-to-date symlink: /home/praveen/udmey/install/my_robot_interfaces/local/lib/python3.10/dist-packages/my_robot_interfaces/my_robot_interfaces_s__rosidl_typesupport_fastrtps_c.cpython-310-x86_64-linux-gnu.so
[0.582s] -- Up-to-date symlink: /home/praveen/udmey/install/my_robot_interfaces/local/lib/python3.10/dist-packages/my_robot_interfaces/my_robot_interfaces_s__rosidl_typesupport_introspection_c.cpython-310-x86_64-linux-gnu.so
[0.583s] -- Up-to-date symlink: /home/praveen/udmey/install/my_robot_interfaces/local/lib/python3.10/dist-packages/my_robot_interfaces/my_robot_interfaces_s__rosidl_typesupport_fastrtps_c.cpython-310-x86_64-linux-gnu.so
[0.583s] -- Up-to-date symlink: /home/praveen/udmey/install/my_robot_interfaces/local/lib/python3.10/dist-packages/my_robot_interfaces/my_robot_interfaces_s__rosidl_typesupport_introspection_c.cpython-310-x86_64-linux-gnu.so
[0.583s] -- Up-to-date symlink: /home/praveen/udmey/install/my_robot_interfaces/local/lib/python3.10/dist-packages/my_robot_interfaces/my_robot_interfaces_s__rosidl_typesupport_c.cpython-310-x86_64-linux-gnu.so
[0.584s] -- Up-to-date symlink: /home/praveen/udmey/install/my_robot_interfaces/share/my_robot_interfaces/msg/HardwareStatus.idl
[0.584s] -- Up-to-date symlink: /home/praveen/udmey/install/my_robot_interfaces/share/my_robot_interfaces/msg/HardwareStatus.msg
[0.584s] -- Up-to-date symlink: /home/praveen/udmey/install/my_robot_interfaces/share/ament_index/resource_index/package_run_dependencies/my_robot_interfaces
[0.584s] -- Up-to-date symlink: /home/praveen/udmey/install/my_robot_interfaces/share/ament_index/resource_index/parent_prefix_path/my_robot_interfaces
[0.584s] -- Up-to-date symlink: /home/praveen/udmey/install/my_robot_interfaces/share/my_robot_interfaces/environment/ament_prefix_path.sh
[0.584s] -- Up-to-date symlink: /home/praveen/udmey/install/my_robot_interfaces/share/my_robot_interfaces/environment/ament_prefix_path.dsv
[0.585s] -- Up-to-date symlink: /home/praveen/udmey/install/my_robot_interfaces/share/my_robot_interfaces/environment/path.sh
[0.585s] -- Up-to-date symlink: /home/praveen/udmey/install/my_robot_interfaces/share/my_robot_interfaces/environment/path.dsv
[0.585s] -- Up-to-date symlink: /home/praveen/udmey/install/my_robot_interfaces/share/my_robot_interfaces/local_setup.bash
[0.585s] -- Up-to-date symlink: /home/praveen/udmey/install/my_robot_interfaces/share/my_robot_interfaces/local_setup.sh
[0.585s] -- Up-to-date symlink: /home/praveen/udmey/install/my_robot_interfaces/share/my_robot_interfaces/local_setup.zsh
[0.585s] -- Up-to-date symlink: /home/praveen/udmey/install/my_robot_interfaces/share/my_robot_interfaces/local_setup.dsv
[0.585s] -- Symlinking: /home/praveen/udmey/install/my_robot_interfaces/share/my_robot_interfaces/package.dsv
[0.594s] -- Up-to-date symlink: /home/praveen/udmey/install/my_robot_interfaces/share/ament_index/resource_index/packages/my_robot_interfaces
[0.594s] -- Up-to-date symlink: /home/praveen/udmey/install/my_robot_interfaces/share/my_robot_interfaces/cmake/rosidl_cmake-extras.cmake
[0.594s] -- Up-to-date symlink: /home/praveen/udmey/install/my_robot_interfaces/share/my_robot_interfaces/cmake/ament_cmake_export_include_directories-extras.cmake
[0.594s] -- Up-to-date symlink: /home/praveen/udmey/install/my_robot_interfaces/share/my_robot_interfaces/cmake/ament_cmake_export_libraries-extras.cmake
[0.594s] -- Up-to-date symlink: /home/praveen/udmey/install/my_robot_interfaces/share/my_robot_interfaces/cmake/ament_cmake_export_targets-extras.cmake
[0.594s] -- Up-to-date symlink: /home/praveen/udmey/install/my_robot_interfaces/share/my_robot_interfaces/cmake/rosidl_cmake_export_typesupport_targets-extras.cmake
[0.594s] -- Up-to-date symlink: /home/praveen/udmey/install/my_robot_interfaces/share/my_robot_interfaces/cmake/ament_cmake_export_dependencies-extras.cmake
[0.594s] -- Up-to-date symlink: /home/praveen/udmey/install/my_robot_interfaces/share/my_robot_interfaces/cmake/rosidl_cmake_export_typesupport_libraries-extras.cmake
[0.594s] -- Up-to-date symlink: /home/praveen/udmey/install/my_robot_interfaces/share/my_robot_interfaces/cmake/my_robot_interfacesConfig.cmake
[0.594s] -- Up-to-date symlink: /home/praveen/udmey/install/my_robot_interfaces/share/my_robot_interfaces/cmake/my_robot_interfacesConfig-version.cmake
[0.595s] -- Up-to-date symlink: /home/praveen/udmey/install/my_robot_interfaces/share/my_robot_interfaces/package.xml
[0.595s] -- Up-to-date: /home/praveen/udmey/install/my_robot_interfaces/lib/libmy_robot_interfaces__rosidl_generator_c.so
[0.595s] -- Up-to-date: /home/praveen/udmey/install/my_robot_interfaces/lib/libmy_robot_interfaces__rosidl_typesupport_fastrtps_c.so
[0.595s] -- Up-to-date: /home/praveen/udmey/install/my_robot_interfaces/lib/libmy_robot_interfaces__rosidl_typesupport_introspection_c.so
[0.596s] -- Up-to-date: /home/praveen/udmey/install/my_robot_interfaces/lib/libmy_robot_interfaces__rosidl_typesupport_c.so
[0.596s] -- Up-to-date: /home/praveen/udmey/install/my_robot_interfaces/lib/libmy_robot_interfaces__rosidl_typesupport_fastrtps_cpp.so
[0.596s] -- Up-to-date: /home/praveen/udmey/install/my_robot_interfaces/lib/libmy_robot_interfaces__rosidl_typesupport_introspection_cpp.so
[0.596s] -- Up-to-date: /home/praveen/udmey/install/my_robot_interfaces/lib/libmy_robot_interfaces__rosidl_typesupport_cpp.so
[0.623s] Listing '/home/praveen/udmey/install/my_robot_interfaces/local/lib/python3.10/dist-packages/my_robot_interfaces'...
[0.623s] Listing '/home/praveen/udmey/install/my_robot_interfaces/local/lib/python3.10/dist-packages/my_robot_interfaces/msg'...
[0.626s] -- Up-to-date: /home/praveen/udmey/install/my_robot_interfaces/lib/libmy_robot_interfaces__rosidl_generator_py.so
[0.626s] -- Up-to-date: /home/praveen/udmey/install/my_robot_interfaces/share/my_robot_interfaces/cmake/export_my_robot_interfaces__rosidl_generator_cExport.cmake
[0.626s] -- Up-to-date: /home/praveen/udmey/install/my_robot_interfaces/share/my_robot_interfaces/cmake/export_my_robot_interfaces__rosidl_generator_cExport-noconfig.cmake
[0.626s] -- Up-to-date: /home/praveen/udmey/install/my_robot_interfaces/share/my_robot_interfaces/cmake/export_my_robot_interfaces__rosidl_typesupport_fastrtps_cExport.cmake
[0.626s] -- Up-to-date: /home/praveen/udmey/install/my_robot_interfaces/share/my_robot_interfaces/cmake/export_my_robot_interfaces__rosidl_typesupport_fastrtps_cExport-noconfig.cmake
[0.627s] -- Up-to-date: /home/praveen/udmey/install/my_robot_interfaces/share/my_robot_interfaces/cmake/my_robot_interfaces__rosidl_typesupport_introspection_cExport.cmake
[0.627s] -- Up-to-date: /home/praveen/udmey/install/my_robot_interfaces/share/my_robot_interfaces/cmake/my_robot_interfaces__rosidl_typesupport_introspection_cExport-noconfig.cmake
[0.627s] -- Up-to-date: /home/praveen/udmey/install/my_robot_interfaces/share/my_robot_interfaces/cmake/my_robot_interfaces__rosidl_typesupport_cExport.cmake
[0.627s] -- Up-to-date: /home/praveen/udmey/install/my_robot_interfaces/share/my_robot_interfaces/cmake/my_robot_interfaces__rosidl_typesupport_cExport-noconfig.cmake
[0.627s] -- Up-to-date: /home/praveen/udmey/install/my_robot_interfaces/share/my_robot_interfaces/cmake/export_my_robot_interfaces__rosidl_generator_cppExport.cmake
[0.627s] -- Up-to-date: /home/praveen/udmey/install/my_robot_interfaces/share/my_robot_interfaces/cmake/export_my_robot_interfaces__rosidl_typesupport_fastrtps_cppExport.cmake
[0.627s] -- Up-to-date: /home/praveen/udmey/install/my_robot_interfaces/share/my_robot_interfaces/cmake/export_my_robot_interfaces__rosidl_typesupport_fastrtps_cppExport-noconfig.cmake
[0.627s] -- Up-to-date: /home/praveen/udmey/install/my_robot_interfaces/share/my_robot_interfaces/cmake/my_robot_interfaces__rosidl_typesupport_introspection_cppExport.cmake
[0.627s] -- Up-to-date: /home/praveen/udmey/install/my_robot_interfaces/share/my_robot_interfaces/cmake/my_robot_interfaces__rosidl_typesupport_introspection_cppExport-noconfig.cmake
[0.627s] -- Up-to-date: /home/praveen/udmey/install/my_robot_interfaces/share/my_robot_interfaces/cmake/my_robot_interfaces__rosidl_typesupport_cppExport.cmake
[0.628s] -- Up-to-date: /home/praveen/udmey/install/my_robot_interfaces/share/my_robot_interfaces/cmake/my_robot_interfaces__rosidl_typesupport_cppExport-noconfig.cmake
[0.628s] -- Up-to-date: /home/praveen/udmey/install/my_robot_interfaces/share/my_robot_interfaces/cmake/export_my_robot_interfaces__rosidl_generator_pyExport.cmake
[0.628s] -- Up-to-date: /home/praveen/udmey/install/my_robot_interfaces/share/my_robot_interfaces/cmake/export_my_robot_interfaces__rosidl_generator_pyExport-noconfig.cmake
[0.630s] Invoked command in '/home/praveen/udmey/build/my_robot_interfaces' returned '0': CMAKE_PREFIX_PATH=${CMAKE_PREFIX_PATH}:/home/praveen/udmey/install/activity:/home/praveen/manik/install/manikrobotic:/home/praveen/ros2_ws/install/hello:/opt/ros/humble /usr/bin/cmake --install /home/praveen/udmey/build/my_robot_interfaces
