[0.131s] DEBUG:colcon:Command line arguments: ['/usr/bin/colcon', 'list', '-p', '--base-paths', '/home/praveen/udmey']
[0.131s] DEBUG:colcon:Parsed command line arguments: Namespace(log_base=None, log_level=None, verb_name='list', build_base='build', ignore_user_meta=False, metas=['./colcon.meta'], base_paths=['/home/praveen/udmey'], packages_ignore=None, packages_ignore_regex=None, paths=None, packages_up_to=None, packages_up_to_regex=None, packages_above=None, packages_above_and_dependencies=None, packages_above_depth=None, packages_select_by_dep=None, packages_skip_by_dep=None, packages_skip_up_to=None, packages_select_build_failed=False, packages_skip_build_finished=False, packages_select_test_failures=False, packages_skip_test_passed=False, packages_select=None, packages_skip=None, packages_select_regex=None, packages_skip_regex=None, packages_start=None, packages_end=None, allow_overriding=[], topological_order=False, names_only=False, paths_only=True, topological_graph=False, topological_graph_dot=False, topological_graph_density=False, topological_graph_legend=False, topological_graph_dot_cluster=False, topological_graph_dot_include_skipped=False, verb_parser=<colcon_defaults.argument_parser.defaults.DefaultArgumentsDecorator object at 0x7fef06b09360>, verb_extension=<colcon_package_information.verb.list.ListVerb object at 0x7fef06c35660>, main=<bound method ListVerb.main of <colcon_package_information.verb.list.ListVerb object at 0x7fef06c35660>>)
[0.330s] Level 1:colcon.colcon_core.package_discovery:discover_packages(colcon_meta) check parameters
[0.330s] Level 1:colcon.colcon_core.package_discovery:discover_packages(recursive) check parameters
[0.330s] Level 1:colcon.colcon_core.package_discovery:discover_packages(ignore) check parameters
[0.330s] Level 1:colcon.colcon_core.package_discovery:discover_packages(path) check parameters
[0.330s] Level 1:colcon.colcon_core.package_discovery:discover_packages(recursive) discover
[0.331s] INFO:colcon.colcon_core.package_discovery:Crawling recursively for packages in '/home/praveen/udmey'
[0.331s] Level 1:colcon.colcon_core.package_identification:_identify(/home/praveen/udmey) by extensions ['ignore', 'ignore_ament_install']
[0.331s] Level 1:colcon.colcon_core.package_identification:_identify(/home/praveen/udmey) by extension 'ignore'
[0.331s] Level 1:colcon.colcon_core.package_identification:_identify(/home/praveen/udmey) by extension 'ignore_ament_install'
[0.331s] Level 1:colcon.colcon_core.package_identification:_identify(/home/praveen/udmey) by extensions ['colcon_pkg']
[0.331s] Level 1:colcon.colcon_core.package_identification:_identify(/home/praveen/udmey) by extension 'colcon_pkg'
[0.331s] Level 1:colcon.colcon_core.package_identification:_identify(/home/praveen/udmey) by extensions ['colcon_meta']
[0.331s] Level 1:colcon.colcon_core.package_identification:_identify(/home/praveen/udmey) by extension 'colcon_meta'
[0.331s] Level 1:colcon.colcon_core.package_identification:_identify(/home/praveen/udmey) by extensions ['ros']
[0.331s] Level 1:colcon.colcon_core.package_identification:_identify(/home/praveen/udmey) by extension 'ros'
[0.342s] Level 1:colcon.colcon_core.package_identification:_identify(/home/praveen/udmey) by extensions ['cmake', 'python']
[0.343s] Level 1:colcon.colcon_core.package_identification:_identify(/home/praveen/udmey) by extension 'cmake'
[0.343s] Level 1:colcon.colcon_core.package_identification:_identify(/home/praveen/udmey) by extension 'python'
[0.343s] Level 1:colcon.colcon_core.package_identification:_identify(/home/praveen/udmey) by extensions ['python_setup_py']
[0.343s] Level 1:colcon.colcon_core.package_identification:_identify(/home/praveen/udmey) by extension 'python_setup_py'
[0.343s] Level 1:colcon.colcon_core.package_identification:_identify(/home/praveen/udmey/build) by extensions ['ignore', 'ignore_ament_install']
[0.343s] Level 1:colcon.colcon_core.package_identification:_identify(/home/praveen/udmey/build) by extension 'ignore'
[0.343s] Level 1:colcon.colcon_core.package_identification:_identify(/home/praveen/udmey/build) ignored
[0.343s] Level 1:colcon.colcon_core.package_identification:_identify(/home/praveen/udmey/install) by extensions ['ignore', 'ignore_ament_install']
[0.343s] Level 1:colcon.colcon_core.package_identification:_identify(/home/praveen/udmey/install) by extension 'ignore'
[0.343s] Level 1:colcon.colcon_core.package_identification:_identify(/home/praveen/udmey/install) ignored
[0.344s] Level 1:colcon.colcon_core.package_identification:_identify(/home/praveen/udmey/log) by extensions ['ignore', 'ignore_ament_install']
[0.344s] Level 1:colcon.colcon_core.package_identification:_identify(/home/praveen/udmey/log) by extension 'ignore'
[0.344s] Level 1:colcon.colcon_core.package_identification:_identify(/home/praveen/udmey/log) ignored
[0.344s] Level 1:colcon.colcon_core.package_identification:_identify(/home/praveen/udmey/src) by extensions ['ignore', 'ignore_ament_install']
[0.344s] Level 1:colcon.colcon_core.package_identification:_identify(/home/praveen/udmey/src) by extension 'ignore'
[0.344s] Level 1:colcon.colcon_core.package_identification:_identify(/home/praveen/udmey/src) by extension 'ignore_ament_install'
[0.344s] Level 1:colcon.colcon_core.package_identification:_identify(/home/praveen/udmey/src) by extensions ['colcon_pkg']
[0.344s] Level 1:colcon.colcon_core.package_identification:_identify(/home/praveen/udmey/src) by extension 'colcon_pkg'
[0.344s] Level 1:colcon.colcon_core.package_identification:_identify(/home/praveen/udmey/src) by extensions ['colcon_meta']
[0.344s] Level 1:colcon.colcon_core.package_identification:_identify(/home/praveen/udmey/src) by extension 'colcon_meta'
[0.344s] Level 1:colcon.colcon_core.package_identification:_identify(/home/praveen/udmey/src) by extensions ['ros']
[0.344s] Level 1:colcon.colcon_core.package_identification:_identify(/home/praveen/udmey/src) by extension 'ros'
[0.344s] Level 1:colcon.colcon_core.package_identification:_identify(/home/praveen/udmey/src) by extensions ['cmake', 'python']
[0.344s] Level 1:colcon.colcon_core.package_identification:_identify(/home/praveen/udmey/src) by extension 'cmake'
[0.345s] Level 1:colcon.colcon_core.package_identification:_identify(/home/praveen/udmey/src) by extension 'python'
[0.345s] Level 1:colcon.colcon_core.package_identification:_identify(/home/praveen/udmey/src) by extensions ['python_setup_py']
[0.345s] Level 1:colcon.colcon_core.package_identification:_identify(/home/praveen/udmey/src) by extension 'python_setup_py'
[0.345s] Level 1:colcon.colcon_core.package_identification:_identify(/home/praveen/udmey/src/activity) by extensions ['ignore', 'ignore_ament_install']
[0.345s] Level 1:colcon.colcon_core.package_identification:_identify(/home/praveen/udmey/src/activity) by extension 'ignore'
[0.345s] Level 1:colcon.colcon_core.package_identification:_identify(/home/praveen/udmey/src/activity) by extension 'ignore_ament_install'
[0.345s] Level 1:colcon.colcon_core.package_identification:_identify(/home/praveen/udmey/src/activity) by extensions ['colcon_pkg']
[0.345s] Level 1:colcon.colcon_core.package_identification:_identify(/home/praveen/udmey/src/activity) by extension 'colcon_pkg'
[0.345s] Level 1:colcon.colcon_core.package_identification:_identify(/home/praveen/udmey/src/activity) by extensions ['colcon_meta']
[0.345s] Level 1:colcon.colcon_core.package_identification:_identify(/home/praveen/udmey/src/activity) by extension 'colcon_meta'
[0.345s] Level 1:colcon.colcon_core.package_identification:_identify(/home/praveen/udmey/src/activity) by extensions ['ros']
[0.345s] Level 1:colcon.colcon_core.package_identification:_identify(/home/praveen/udmey/src/activity) by extension 'ros'
[0.348s] DEBUG:colcon.colcon_core.package_identification:Package '/home/praveen/udmey/src/activity' with type 'ros.ament_python' and name 'activity'
[0.348s] Level 1:colcon.colcon_core.package_discovery:discover_packages(recursive) using defaults
