[0.538s] Invoking command in '/home/praveen/udmey/build/activity': PYTHONPATH=/home/praveen/udmey/build/activity/prefix_override:/usr/lib/python3/dist-packages/colcon_core/task/python/colcon_distutils_commands:/home/praveen/udmey/install/activity/lib/python3.10/site-packages:${PYTHONPATH} /usr/bin/python3 -W ignore:setup.py install is deprecated setup.py develop --editable --build-directory /home/praveen/udmey/build/activity/build --no-deps symlink_data
[0.752s] running develop
[0.876s] running egg_info
[0.876s] writing activity.egg-info/PKG-INFO
[0.876s] writing dependency_links to activity.egg-info/dependency_links.txt
[0.877s] writing entry points to activity.egg-info/entry_points.txt
[0.877s] writing requirements to activity.egg-info/requires.txt
[0.877s] writing top-level names to activity.egg-info/top_level.txt
[0.879s] reading manifest file 'activity.egg-info/SOURCES.txt'
[0.879s] writing manifest file 'activity.egg-info/SOURCES.txt'
[0.881s] running build_ext
[0.881s] Creating /home/praveen/udmey/install/activity/lib/python3.10/site-packages/activity.egg-link (link to .)
[0.882s] Installing act1_pub script to /home/praveen/udmey/install/activity/lib/activity
[0.882s] Installing act1_service script to /home/praveen/udmey/install/activity/lib/activity
[0.882s] Installing act1_sub script to /home/praveen/udmey/install/activity/lib/activity
[0.882s] Installing add_2_ser script to /home/praveen/udmey/install/activity/lib/activity
[0.882s] Installing add_two_clt_nooop script to /home/praveen/udmey/install/activity/lib/activity
[0.882s] Installing add_two_cltoop script to /home/praveen/udmey/install/activity/lib/activity
[0.882s] Installing hw_sts script to /home/praveen/udmey/install/activity/lib/activity
[0.883s] 
[0.883s] Installed /home/praveen/udmey/build/activity
[0.883s] running symlink_data
