[0.218s] Invoking command in '/home/praveen/udmey/build/my_robot_interfaces': CMAKE_PREFIX_PATH=/home/praveen/udmey/install/activity:/home/praveen/manik/install/manikrobotic:/home/praveen/ros2_ws/install/hello:/opt/ros/humble /usr/bin/cmake /home/praveen/udmey/src/my_robot_interfaces -DAMENT_CMAKE_SYMLINK_INSTALL=1 -DCMAKE_INSTALL_PREFIX=/home/praveen/udmey/install/my_robot_interfaces
[0.286s] -- The C compiler identification is GNU 11.4.0
[0.343s] -- The CXX compiler identification is GNU 11.4.0
[0.352s] -- Detecting C compiler ABI info
[0.414s] -- Detecting C compiler ABI info - done
[0.419s] -- Check for working C compiler: /usr/bin/cc - skipped
[0.419s] -- Detecting C compile features
[0.420s] -- Detecting C compile features - done
[0.423s] -- Detecting CXX compiler ABI info
[0.493s] -- Detecting CXX compiler ABI info - done
[0.499s] -- Check for working CXX compiler: /usr/bin/c++ - skipped
[0.499s] -- Detecting CXX compile features
[0.499s] -- Detecting CXX compile features - done
[0.502s] -- Found ament_cmake: 1.3.9 (/opt/ros/humble/share/ament_cmake/cmake)
[0.628s] -- Found Python3: /usr/bin/python3 (found version "3.10.12") found components: Interpreter 
[0.682s] -- Override CMake install command with custom implementation using symlinks instead of copying resources
[0.724s] [31mCMake Error at CMakeLists.txt:10 (find_package):
[0.724s]   By not providing "Findrosidl_default_generator.cmake" in CMAKE_MODULE_PATH
[0.724s]   this project has asked CMake to find a package configuration file provided
[0.725s]   by "rosidl_default_generator", but CMake did not find one.
[0.725s] 
[0.725s]   Could not find a package configuration file provided by
[0.725s]   "rosidl_default_generator" with any of the following names:
[0.725s] 
[0.725s]     rosidl_default_generatorConfig.cmake
[0.725s]     rosidl_default_generator-config.cmake
[0.725s] 
[0.725s]   Add the installation prefix of "rosidl_default_generator" to
[0.725s]   CMAKE_PREFIX_PATH or set "rosidl_default_generator_DIR" to a directory
[0.725s]   containing one of the above files.  If "rosidl_default_generator" provides
[0.725s]   a separate development package or SDK, be sure it has been installed.
[0.726s] 
[0.726s] [0m
[0.726s] -- Configuring incomplete, errors occurred!
[0.726s] See also "/home/praveen/udmey/build/my_robot_interfaces/CMakeFiles/CMakeOutput.log".
[0.729s] Invoked command in '/home/praveen/udmey/build/my_robot_interfaces' returned '1': CMAKE_PREFIX_PATH=/home/praveen/udmey/install/activity:/home/praveen/manik/install/manikrobotic:/home/praveen/ros2_ws/install/hello:/opt/ros/humble /usr/bin/cmake /home/praveen/udmey/src/my_robot_interfaces -DAMENT_CMAKE_SYMLINK_INSTALL=1 -DCMAKE_INSTALL_PREFIX=/home/praveen/udmey/install/my_robot_interfaces
