[0.080s] DEBUG:colcon:Command line arguments: ['/usr/bin/colcon', 'build', '--packages-select', 'activity', '--symlink-install']
[0.080s] DEBUG:colcon:Parsed command line arguments: Namespace(log_base=None, log_level=None, verb_name='build', build_base='build', install_base='install', merge_install=False, symlink_install=True, test_result_base=None, continue_on_error=False, executor='parallel', parallel_workers=12, event_handlers=None, ignore_user_meta=False, metas=['./colcon.meta'], base_paths=['.'], packages_ignore=None, packages_ignore_regex=None, paths=None, packages_up_to=None, packages_up_to_regex=None, packages_above=None, packages_above_and_dependencies=None, packages_above_depth=None, packages_select_by_dep=None, packages_skip_by_dep=None, packages_skip_up_to=None, packages_select_build_failed=False, packages_skip_build_finished=False, packages_select_test_failures=False, packages_skip_test_passed=False, packages_select=['activity'], packages_skip=None, packages_select_regex=None, packages_skip_regex=None, packages_start=None, packages_end=None, allow_overriding=[], cmake_args=None, cmake_target=None, cmake_target_skip_unavailable=False, cmake_clean_cache=False, cmake_clean_first=False, cmake_force_configure=False, ament_cmake_args=None, catkin_cmake_args=None, catkin_skip_building_tests=False, verb_parser=<colcon_defaults.argument_parser.defaults.DefaultArgumentsDecorator object at 0x72c0d473c190>, verb_extension=<colcon_core.verb.build.BuildVerb object at 0x72c0d48b40a0>, main=<bound method BuildVerb.main of <colcon_core.verb.build.BuildVerb object at 0x72c0d48b40a0>>)
[0.202s] Level 1:colcon.colcon_core.package_discovery:discover_packages(colcon_meta) check parameters
[0.202s] Level 1:colcon.colcon_core.package_discovery:discover_packages(recursive) check parameters
[0.202s] Level 1:colcon.colcon_core.package_discovery:discover_packages(ignore) check parameters
[0.202s] Level 1:colcon.colcon_core.package_discovery:discover_packages(path) check parameters
[0.202s] Level 1:colcon.colcon_core.package_discovery:discover_packages(colcon_meta) discover
[0.202s] Level 1:colcon.colcon_core.package_discovery:discover_packages(recursive) discover
[0.202s] INFO:colcon.colcon_core.package_discovery:Crawling recursively for packages in '/home/praveen/udmey'
[0.202s] Level 1:colcon.colcon_core.package_identification:_identify(.) by extensions ['ignore', 'ignore_ament_install']
[0.202s] Level 1:colcon.colcon_core.package_identification:_identify(.) by extension 'ignore'
[0.202s] Level 1:colcon.colcon_core.package_identification:_identify(.) by extension 'ignore_ament_install'
[0.202s] Level 1:colcon.colcon_core.package_identification:_identify(.) by extensions ['colcon_pkg']
[0.202s] Level 1:colcon.colcon_core.package_identification:_identify(.) by extension 'colcon_pkg'
[0.202s] Level 1:colcon.colcon_core.package_identification:_identify(.) by extensions ['colcon_meta']
[0.202s] Level 1:colcon.colcon_core.package_identification:_identify(.) by extension 'colcon_meta'
[0.202s] Level 1:colcon.colcon_core.package_identification:_identify(.) by extensions ['ros']
[0.202s] Level 1:colcon.colcon_core.package_identification:_identify(.) by extension 'ros'
[0.211s] Level 1:colcon.colcon_core.package_identification:_identify(.) by extensions ['cmake', 'python']
[0.211s] Level 1:colcon.colcon_core.package_identification:_identify(.) by extension 'cmake'
[0.211s] Level 1:colcon.colcon_core.package_identification:_identify(.) by extension 'python'
[0.211s] Level 1:colcon.colcon_core.package_identification:_identify(.) by extensions ['python_setup_py']
[0.211s] Level 1:colcon.colcon_core.package_identification:_identify(.) by extension 'python_setup_py'
[0.211s] Level 1:colcon.colcon_core.package_identification:_identify(build) by extensions ['ignore', 'ignore_ament_install']
[0.211s] Level 1:colcon.colcon_core.package_identification:_identify(build) by extension 'ignore'
[0.211s] Level 1:colcon.colcon_core.package_identification:_identify(build) ignored
[0.211s] Level 1:colcon.colcon_core.package_identification:_identify(install) by extensions ['ignore', 'ignore_ament_install']
[0.211s] Level 1:colcon.colcon_core.package_identification:_identify(install) by extension 'ignore'
[0.211s] Level 1:colcon.colcon_core.package_identification:_identify(install) ignored
[0.212s] Level 1:colcon.colcon_core.package_identification:_identify(log) by extensions ['ignore', 'ignore_ament_install']
[0.212s] Level 1:colcon.colcon_core.package_identification:_identify(log) by extension 'ignore'
[0.212s] Level 1:colcon.colcon_core.package_identification:_identify(log) ignored
[0.212s] Level 1:colcon.colcon_core.package_identification:_identify(src) by extensions ['ignore', 'ignore_ament_install']
[0.212s] Level 1:colcon.colcon_core.package_identification:_identify(src) by extension 'ignore'
[0.212s] Level 1:colcon.colcon_core.package_identification:_identify(src) by extension 'ignore_ament_install'
[0.212s] Level 1:colcon.colcon_core.package_identification:_identify(src) by extensions ['colcon_pkg']
[0.212s] Level 1:colcon.colcon_core.package_identification:_identify(src) by extension 'colcon_pkg'
[0.212s] Level 1:colcon.colcon_core.package_identification:_identify(src) by extensions ['colcon_meta']
[0.212s] Level 1:colcon.colcon_core.package_identification:_identify(src) by extension 'colcon_meta'
[0.212s] Level 1:colcon.colcon_core.package_identification:_identify(src) by extensions ['ros']
[0.212s] Level 1:colcon.colcon_core.package_identification:_identify(src) by extension 'ros'
[0.212s] Level 1:colcon.colcon_core.package_identification:_identify(src) by extensions ['cmake', 'python']
[0.212s] Level 1:colcon.colcon_core.package_identification:_identify(src) by extension 'cmake'
[0.212s] Level 1:colcon.colcon_core.package_identification:_identify(src) by extension 'python'
[0.212s] Level 1:colcon.colcon_core.package_identification:_identify(src) by extensions ['python_setup_py']
[0.212s] Level 1:colcon.colcon_core.package_identification:_identify(src) by extension 'python_setup_py'
[0.212s] Level 1:colcon.colcon_core.package_identification:_identify(src/activity) by extensions ['ignore', 'ignore_ament_install']
[0.212s] Level 1:colcon.colcon_core.package_identification:_identify(src/activity) by extension 'ignore'
[0.212s] Level 1:colcon.colcon_core.package_identification:_identify(src/activity) by extension 'ignore_ament_install'
[0.212s] Level 1:colcon.colcon_core.package_identification:_identify(src/activity) by extensions ['colcon_pkg']
[0.213s] Level 1:colcon.colcon_core.package_identification:_identify(src/activity) by extension 'colcon_pkg'
[0.213s] Level 1:colcon.colcon_core.package_identification:_identify(src/activity) by extensions ['colcon_meta']
[0.213s] Level 1:colcon.colcon_core.package_identification:_identify(src/activity) by extension 'colcon_meta'
[0.213s] Level 1:colcon.colcon_core.package_identification:_identify(src/activity) by extensions ['ros']
[0.213s] Level 1:colcon.colcon_core.package_identification:_identify(src/activity) by extension 'ros'
[0.214s] DEBUG:colcon.colcon_core.package_identification:Package 'src/activity' with type 'ros.ament_python' and name 'activity'
[0.215s] Level 1:colcon.colcon_core.package_identification:_identify(src/create) by extensions ['ignore', 'ignore_ament_install']
[0.215s] Level 1:colcon.colcon_core.package_identification:_identify(src/create) by extension 'ignore'
[0.215s] Level 1:colcon.colcon_core.package_identification:_identify(src/create) by extension 'ignore_ament_install'
[0.215s] Level 1:colcon.colcon_core.package_identification:_identify(src/create) by extensions ['colcon_pkg']
[0.215s] Level 1:colcon.colcon_core.package_identification:_identify(src/create) by extension 'colcon_pkg'
[0.215s] Level 1:colcon.colcon_core.package_identification:_identify(src/create) by extensions ['colcon_meta']
[0.215s] Level 1:colcon.colcon_core.package_identification:_identify(src/create) by extension 'colcon_meta'
[0.215s] Level 1:colcon.colcon_core.package_identification:_identify(src/create) by extensions ['ros']
[0.215s] Level 1:colcon.colcon_core.package_identification:_identify(src/create) by extension 'ros'
[0.215s] Level 1:colcon.colcon_core.package_identification:_identify(src/create) by extensions ['cmake', 'python']
[0.215s] Level 1:colcon.colcon_core.package_identification:_identify(src/create) by extension 'cmake'
[0.215s] Level 1:colcon.colcon_core.package_identification:_identify(src/create) by extension 'python'
[0.215s] Level 1:colcon.colcon_core.package_identification:_identify(src/create) by extensions ['python_setup_py']
[0.215s] Level 1:colcon.colcon_core.package_identification:_identify(src/create) by extension 'python_setup_py'
[0.215s] Level 1:colcon.colcon_core.package_identification:_identify(src/my_robot_interfaces) by extensions ['ignore', 'ignore_ament_install']
[0.215s] Level 1:colcon.colcon_core.package_identification:_identify(src/my_robot_interfaces) by extension 'ignore'
[0.215s] Level 1:colcon.colcon_core.package_identification:_identify(src/my_robot_interfaces) by extension 'ignore_ament_install'
[0.215s] Level 1:colcon.colcon_core.package_identification:_identify(src/my_robot_interfaces) by extensions ['colcon_pkg']
[0.215s] Level 1:colcon.colcon_core.package_identification:_identify(src/my_robot_interfaces) by extension 'colcon_pkg'
[0.215s] Level 1:colcon.colcon_core.package_identification:_identify(src/my_robot_interfaces) by extensions ['colcon_meta']
[0.215s] Level 1:colcon.colcon_core.package_identification:_identify(src/my_robot_interfaces) by extension 'colcon_meta'
[0.215s] Level 1:colcon.colcon_core.package_identification:_identify(src/my_robot_interfaces) by extensions ['ros']
[0.216s] Level 1:colcon.colcon_core.package_identification:_identify(src/my_robot_interfaces) by extension 'ros'
[0.216s] DEBUG:colcon.colcon_core.package_identification:Package 'src/my_robot_interfaces' with type 'ros.ament_cmake' and name 'my_robot_interfaces'
[0.216s] Level 1:colcon.colcon_core.package_identification:_identify(src/pkg) by extensions ['ignore', 'ignore_ament_install']
[0.216s] Level 1:colcon.colcon_core.package_identification:_identify(src/pkg) by extension 'ignore'
[0.216s] Level 1:colcon.colcon_core.package_identification:_identify(src/pkg) by extension 'ignore_ament_install'
[0.216s] Level 1:colcon.colcon_core.package_identification:_identify(src/pkg) by extensions ['colcon_pkg']
[0.216s] Level 1:colcon.colcon_core.package_identification:_identify(src/pkg) by extension 'colcon_pkg'
[0.216s] Level 1:colcon.colcon_core.package_identification:_identify(src/pkg) by extensions ['colcon_meta']
[0.216s] Level 1:colcon.colcon_core.package_identification:_identify(src/pkg) by extension 'colcon_meta'
[0.216s] Level 1:colcon.colcon_core.package_identification:_identify(src/pkg) by extensions ['ros']
[0.216s] Level 1:colcon.colcon_core.package_identification:_identify(src/pkg) by extension 'ros'
[0.216s] Level 1:colcon.colcon_core.package_identification:_identify(src/pkg) by extensions ['cmake', 'python']
[0.216s] Level 1:colcon.colcon_core.package_identification:_identify(src/pkg) by extension 'cmake'
[0.216s] Level 1:colcon.colcon_core.package_identification:_identify(src/pkg) by extension 'python'
[0.216s] Level 1:colcon.colcon_core.package_identification:_identify(src/pkg) by extensions ['python_setup_py']
[0.216s] Level 1:colcon.colcon_core.package_identification:_identify(src/pkg) by extension 'python_setup_py'
[0.217s] Level 1:colcon.colcon_core.package_discovery:discover_packages(recursive) using defaults
[0.217s] Level 1:colcon.colcon_core.package_discovery:discover_packages(ignore) discover
[0.217s] Level 1:colcon.colcon_core.package_discovery:discover_packages(ignore) using defaults
[0.217s] Level 1:colcon.colcon_core.package_discovery:discover_packages(path) discover
[0.217s] Level 1:colcon.colcon_core.package_discovery:discover_packages(path) using defaults
[0.231s] INFO:colcon.colcon_core.package_selection:Skipping not selected package 'my_robot_interfaces' in 'src/my_robot_interfaces'
[0.232s] Level 1:colcon.colcon_core.package_discovery:discover_packages(prefix_path) check parameters
[0.232s] Level 1:colcon.colcon_core.package_discovery:discover_packages(prefix_path) discover
[0.233s] DEBUG:colcon.colcon_installed_package_information.package_discovery:Found 0 installed packages in /home/praveen/my/install
[0.233s] DEBUG:colcon.colcon_installed_package_information.package_discovery:Found 2 installed packages in /home/praveen/udmey/install
[0.234s] DEBUG:colcon.colcon_installed_package_information.package_discovery:Found 1 installed packages in /home/praveen/manik/install
[0.234s] DEBUG:colcon.colcon_installed_package_information.package_discovery:Found 1 installed packages in /home/praveen/ros2_ws/install
[0.235s] DEBUG:colcon.colcon_installed_package_information.package_discovery:Found 270 installed packages in /opt/ros/humble
[0.236s] Level 1:colcon.colcon_core.package_discovery:discover_packages(prefix_path) using defaults
[0.263s] Level 5:colcon.colcon_core.verb:set package 'activity' build argument 'cmake_args' from command line to 'None'
[0.263s] Level 5:colcon.colcon_core.verb:set package 'activity' build argument 'cmake_target' from command line to 'None'
[0.263s] Level 5:colcon.colcon_core.verb:set package 'activity' build argument 'cmake_target_skip_unavailable' from command line to 'False'
[0.263s] Level 5:colcon.colcon_core.verb:set package 'activity' build argument 'cmake_clean_cache' from command line to 'False'
[0.263s] Level 5:colcon.colcon_core.verb:set package 'activity' build argument 'cmake_clean_first' from command line to 'False'
[0.263s] Level 5:colcon.colcon_core.verb:set package 'activity' build argument 'cmake_force_configure' from command line to 'False'
[0.263s] Level 5:colcon.colcon_core.verb:set package 'activity' build argument 'ament_cmake_args' from command line to 'None'
[0.263s] Level 5:colcon.colcon_core.verb:set package 'activity' build argument 'catkin_cmake_args' from command line to 'None'
[0.263s] Level 5:colcon.colcon_core.verb:set package 'activity' build argument 'catkin_skip_building_tests' from command line to 'False'
[0.263s] DEBUG:colcon.colcon_core.verb:Building package 'activity' with the following arguments: {'ament_cmake_args': None, 'build_base': '/home/praveen/udmey/build/activity', 'catkin_cmake_args': None, 'catkin_skip_building_tests': False, 'cmake_args': None, 'cmake_clean_cache': False, 'cmake_clean_first': False, 'cmake_force_configure': False, 'cmake_target': None, 'cmake_target_skip_unavailable': False, 'install_base': '/home/praveen/udmey/install/activity', 'merge_install': False, 'path': '/home/praveen/udmey/src/activity', 'symlink_install': True, 'test_result_base': None}
[0.263s] INFO:colcon.colcon_core.executor:Executing jobs using 'parallel' executor
[0.264s] DEBUG:colcon.colcon_parallel_executor.executor.parallel:run_until_complete
[0.264s] INFO:colcon.colcon_ros.task.ament_python.build:Building ROS package in '/home/praveen/udmey/src/activity' with build type 'ament_python'
[0.264s] Level 1:colcon.colcon_core.shell:create_environment_hook('activity', 'ament_prefix_path')
[0.266s] INFO:colcon.colcon_core.plugin_system:Skipping extension 'colcon_core.shell.bat': Not used on non-Windows systems
[0.266s] INFO:colcon.colcon_core.shell:Creating environment hook '/home/praveen/udmey/install/activity/share/activity/hook/ament_prefix_path.ps1'
[0.266s] INFO:colcon.colcon_core.shell:Creating environment descriptor '/home/praveen/udmey/install/activity/share/activity/hook/ament_prefix_path.dsv'
[0.267s] INFO:colcon.colcon_core.shell:Creating environment hook '/home/praveen/udmey/install/activity/share/activity/hook/ament_prefix_path.sh'
[0.267s] INFO:colcon.colcon_core.shell:Skip shell extension 'powershell' for command environment: Not usable outside of PowerShell
[0.267s] DEBUG:colcon.colcon_core.shell:Skip shell extension 'dsv' for command environment
[0.472s] INFO:colcon.colcon_core.task.python.build:Building Python package in '/home/praveen/udmey/src/activity'
[0.472s] INFO:colcon.colcon_core.shell:Skip shell extension 'powershell' for command environment: Not usable outside of PowerShell
[0.472s] DEBUG:colcon.colcon_core.shell:Skip shell extension 'dsv' for command environment
[0.736s] DEBUG:colcon.colcon_core.event_handler.log_command:Invoking command in '/home/praveen/udmey/build/activity': PYTHONPATH=/home/praveen/udmey/build/activity/prefix_override:/usr/lib/python3/dist-packages/colcon_core/task/python/colcon_distutils_commands:/home/praveen/udmey/install/activity/lib/python3.10/site-packages:${PYTHONPATH} /usr/bin/python3 -W ignore:setup.py install is deprecated setup.py develop --editable --build-directory /home/praveen/udmey/build/activity/build --no-deps symlink_data
[1.088s] Level 1:colcon.colcon_core.shell:create_environment_hook('activity', 'pythonpath_develop')
[1.088s] INFO:colcon.colcon_core.shell:Creating environment hook '/home/praveen/udmey/build/activity/share/activity/hook/pythonpath_develop.ps1'
[1.089s] DEBUG:colcon.colcon_core.event_handler.log_command:Invoked command in '/home/praveen/udmey/build/activity' returned '0': PYTHONPATH=/home/praveen/udmey/build/activity/prefix_override:/usr/lib/python3/dist-packages/colcon_core/task/python/colcon_distutils_commands:/home/praveen/udmey/install/activity/lib/python3.10/site-packages:${PYTHONPATH} /usr/bin/python3 -W ignore:setup.py install is deprecated setup.py develop --editable --build-directory /home/praveen/udmey/build/activity/build --no-deps symlink_data
[1.089s] INFO:colcon.colcon_core.shell:Creating environment descriptor '/home/praveen/udmey/build/activity/share/activity/hook/pythonpath_develop.dsv'
[1.089s] INFO:colcon.colcon_core.shell:Creating environment hook '/home/praveen/udmey/build/activity/share/activity/hook/pythonpath_develop.sh'
[1.091s] Level 1:colcon.colcon_core.environment:checking '/home/praveen/udmey/install/activity' for CMake module files
[1.092s] Level 1:colcon.colcon_core.environment:checking '/home/praveen/udmey/install/activity' for CMake config files
[1.092s] Level 1:colcon.colcon_core.environment:checking '/home/praveen/udmey/install/activity/lib'
[1.092s] Level 1:colcon.colcon_core.environment:checking '/home/praveen/udmey/install/activity/bin'
[1.092s] Level 1:colcon.colcon_core.environment:checking '/home/praveen/udmey/install/activity/lib/pkgconfig/activity.pc'
[1.093s] Level 1:colcon.colcon_core.environment:checking '/home/praveen/udmey/install/activity/lib/python3.10/site-packages'
[1.093s] Level 1:colcon.colcon_core.shell:create_environment_hook('activity', 'pythonpath')
[1.093s] INFO:colcon.colcon_core.shell:Creating environment hook '/home/praveen/udmey/install/activity/share/activity/hook/pythonpath.ps1'
[1.093s] INFO:colcon.colcon_core.shell:Creating environment descriptor '/home/praveen/udmey/install/activity/share/activity/hook/pythonpath.dsv'
[1.093s] INFO:colcon.colcon_core.shell:Creating environment hook '/home/praveen/udmey/install/activity/share/activity/hook/pythonpath.sh'
[1.094s] Level 1:colcon.colcon_core.environment:checking '/home/praveen/udmey/install/activity/bin'
[1.094s] Level 1:colcon.colcon_core.environment:create_environment_scripts_only(activity)
[1.094s] INFO:colcon.colcon_core.shell:Creating package script '/home/praveen/udmey/install/activity/share/activity/package.ps1'
[1.095s] INFO:colcon.colcon_core.shell:Creating package descriptor '/home/praveen/udmey/install/activity/share/activity/package.dsv'
[1.095s] INFO:colcon.colcon_core.shell:Creating package script '/home/praveen/udmey/install/activity/share/activity/package.sh'
[1.095s] INFO:colcon.colcon_core.shell:Creating package script '/home/praveen/udmey/install/activity/share/activity/package.bash'
[1.096s] INFO:colcon.colcon_core.shell:Creating package script '/home/praveen/udmey/install/activity/share/activity/package.zsh'
[1.096s] Level 1:colcon.colcon_core.environment:create_file_with_runtime_dependencies(/home/praveen/udmey/install/activity/share/colcon-core/packages/activity)
[1.097s] DEBUG:colcon.colcon_parallel_executor.executor.parallel:closing loop
[1.097s] DEBUG:colcon.colcon_parallel_executor.executor.parallel:loop closed
[1.097s] DEBUG:colcon.colcon_parallel_executor.executor.parallel:run_until_complete finished with '0'
[1.097s] DEBUG:colcon.colcon_core.event_reactor:joining thread
[1.108s] INFO:colcon.colcon_core.plugin_system:Skipping extension 'colcon_notification.desktop_notification.terminal_notifier': Not used on non-Darwin systems
[1.108s] INFO:colcon.colcon_core.plugin_system:Skipping extension 'colcon_notification.desktop_notification.win32': Not used on non-Windows systems
[1.108s] INFO:colcon.colcon_notification.desktop_notification:Sending desktop notification using 'notify2'
[1.117s] DEBUG:colcon.colcon_core.event_reactor:joined thread
[1.117s] INFO:colcon.colcon_core.shell:Creating prefix script '/home/praveen/udmey/install/local_setup.ps1'
[1.118s] INFO:colcon.colcon_core.shell:Creating prefix util module '/home/praveen/udmey/install/_local_setup_util_ps1.py'
[1.119s] INFO:colcon.colcon_core.shell:Creating prefix chain script '/home/praveen/udmey/install/setup.ps1'
[1.120s] INFO:colcon.colcon_core.shell:Creating prefix script '/home/praveen/udmey/install/local_setup.sh'
[1.121s] INFO:colcon.colcon_core.shell:Creating prefix util module '/home/praveen/udmey/install/_local_setup_util_sh.py'
[1.121s] INFO:colcon.colcon_core.shell:Creating prefix chain script '/home/praveen/udmey/install/setup.sh'
[1.122s] INFO:colcon.colcon_core.shell:Creating prefix script '/home/praveen/udmey/install/local_setup.bash'
[1.123s] INFO:colcon.colcon_core.shell:Creating prefix chain script '/home/praveen/udmey/install/setup.bash'
[1.124s] INFO:colcon.colcon_core.shell:Creating prefix script '/home/praveen/udmey/install/local_setup.zsh'
[1.124s] INFO:colcon.colcon_core.shell:Creating prefix chain script '/home/praveen/udmey/install/setup.zsh'
