[0.014s] Invoking command in '/home/praveen/udmey/build/action_tutorials': /usr/bin/cmake /home/praveen/udmey/src/my_robot_interfaces -DCMAKE_INSTALL_PREFIX=/home/praveen/udmey/install/action_tutorials
[0.065s] -- The C compiler identification is GNU 11.4.0
[0.113s] -- The CXX compiler identification is GNU 11.4.0
[0.119s] -- Detecting C compiler ABI info
[0.186s] -- Detecting C compiler ABI info - done
[0.191s] -- Check for working C compiler: /usr/bin/cc - skipped
[0.191s] -- Detecting C compile features
[0.191s] -- Detecting C compile features - done
[0.194s] -- Detecting CXX compiler ABI info
[0.271s] -- Detecting CXX compiler ABI info - done
[0.278s] -- Check for working CXX compiler: /usr/bin/c++ - skipped
[0.278s] -- Detecting CXX compile features
[0.279s] -- Detecting CXX compile features - done
[0.281s] -- Found ament_cmake: 1.3.9 (/opt/ros/humble/share/ament_cmake/cmake)
[0.413s] -- Found Python3: /usr/bin/python3 (found version "3.10.12") found components: Interpreter 
[0.506s] -- Found rosidl_default_generators: 1.2.0 (/opt/ros/humble/share/rosidl_default_generators/cmake)
[0.509s] -- Using all available rosidl_typesupport_c: rosidl_typesupport_fastrtps_c;rosidl_typesupport_introspection_c
[0.514s] -- Found rosidl_adapter: 3.1.5 (/opt/ros/humble/share/rosidl_adapter/cmake)
[0.547s] -- Using all available rosidl_typesupport_cpp: rosidl_typesupport_fastrtps_cpp;rosidl_typesupport_introspection_cpp
[0.713s] Error parsing '/home/praveen/udmey/src/my_robot_interfaces/package.xml':
[0.751s] Traceback (most recent call last):
[0.751s]   File "/opt/ros/humble/share/ament_cmake_core/cmake/core/package_xml_2_cmake.py", line 150, in <module>
[0.752s]     main()
[0.752s]   File "/opt/ros/humble/share/ament_cmake_core/cmake/core/package_xml_2_cmake.py", line 53, in main
[0.752s]     raise e
[0.752s]   File "/opt/ros/humble/share/ament_cmake_core/cmake/core/package_xml_2_cmake.py", line 49, in main
[0.752s]     package = parse_package_string(
[0.752s]   File "/usr/lib/python3/dist-packages/catkin_pkg/package.py", line 786, in parse_package_string
[0.759s]     raise InvalidPackage('Error(s):%s' % (''.join(['\n- %s' % e for e in errors])), filename)
[0.759s] catkin_pkg.package.InvalidPackage: Error(s) in package '/home/praveen/udmey/src/my_robot_interfaces/package.xml':
[0.760s] Error(s):
[0.760s] - The manifest of package "action_tutorials" (with format version 2) must not contain the following tags: member_of_group
[0.774s] [31mCMake Error at /opt/ros/humble/share/ament_cmake_core/cmake/core/ament_package_xml.cmake:95 (message):
[0.774s]   execute_process(/usr/bin/python3
[0.774s]   /opt/ros/humble/share/ament_cmake_core/cmake/core/package_xml_2_cmake.py
[0.774s]   /home/praveen/udmey/src/my_robot_interfaces/package.xml
[0.774s]   /home/praveen/udmey/build/action_tutorials/ament_cmake_core/package.cmake)
[0.774s]   returned error code 1
[0.774s] Call Stack (most recent call first):
[0.774s]   /opt/ros/humble/share/ament_cmake_core/cmake/core/ament_package_xml.cmake:49 (_ament_package_xml)
[0.774s]   /opt/ros/humble/share/rosidl_cmake/cmake/rosidl_generate_interfaces.cmake:226 (ament_package_xml)
[0.774s]   CMakeLists.txt:27 (rosidl_generate_interfaces)
[0.774s] 
[0.774s] [0m
[0.774s] -- Configuring incomplete, errors occurred!
[0.774s] See also "/home/praveen/udmey/build/action_tutorials/CMakeFiles/CMakeOutput.log".
[0.783s] Invoked command in '/home/praveen/udmey/build/action_tutorials' returned '1': /usr/bin/cmake /home/praveen/udmey/src/my_robot_interfaces -DCMAKE_INSTALL_PREFIX=/home/praveen/udmey/install/action_tutorials
