[0.009s] Invoking command in '/home/praveen/udmey/build/my_robot_interfaces': CMAKE_PREFIX_PATH=${CMAKE_PREFIX_PATH}:/home/praveen/udmey/install/activity:/home/praveen/manik/install/manikrobotic:/home/praveen/ros2_ws/install/hello:/opt/ros/humble /usr/bin/cmake /home/praveen/udmey/src/my_robot_interfaces -DCMAKE_INSTALL_PREFIX=/home/praveen/udmey/install/my_robot_interfaces
[0.088s] -- The C compiler identification is GNU 11.4.0
[0.155s] -- The CXX compiler identification is GNU 11.4.0
[0.163s] -- Detecting C compiler ABI info
[0.230s] -- Detecting C compiler ABI info - done
[0.236s] -- Check for working C compiler: /usr/bin/cc - skipped
[0.236s] -- Detecting C compile features
[0.237s] -- Detecting C compile features - done
[0.239s] -- Detecting CXX compiler ABI info
[0.318s] -- Detecting CXX compiler ABI info - done
[0.325s] -- Check for working CXX compiler: /usr/bin/c++ - skipped
[0.325s] -- Detecting CXX compile features
[0.325s] -- Detecting CXX compile features - done
[0.328s] -- Found ament_cmake: 1.3.9 (/opt/ros/humble/share/ament_cmake/cmake)
[0.467s] -- Found Python3: /usr/bin/python3 (found version "3.10.12") found components: Interpreter 
[0.555s] -- Found rosidl_default_generators: 1.2.0 (/opt/ros/humble/share/rosidl_default_generators/cmake)
[0.558s] -- Using all available rosidl_typesupport_c: rosidl_typesupport_fastrtps_c;rosidl_typesupport_introspection_c
[0.564s] -- Found rosidl_adapter: 3.1.5 (/opt/ros/humble/share/rosidl_adapter/cmake)
[0.598s] -- Using all available rosidl_typesupport_cpp: rosidl_typesupport_fastrtps_cpp;rosidl_typesupport_introspection_cpp
[0.765s] [31mCMake Error at /opt/ros/humble/share/rosidl_adapter/cmake/rosidl_adapt_interfaces.cmake:59 (message):
[0.765s]   execute_process(/usr/bin/python3 -m rosidl_adapter --package-name
[0.765s]   my_robot_interfaces --arguments-file
[0.765s]   /home/praveen/udmey/build/my_robot_interfaces/rosidl_adapter__arguments__my_robot_interfaces.json
[0.765s]   --output-dir
[0.765s]   /home/praveen/udmey/build/my_robot_interfaces/rosidl_adapter/my_robot_interfaces
[0.765s]   --output-file
[0.765s]   /home/praveen/udmey/build/my_robot_interfaces/rosidl_adapter/my_robot_interfaces.idls)
[0.765s]   returned error code 1:
[0.765s] 
[0.766s]   Traceback (most recent call last):
[0.766s] 
[0.766s]     File "/usr/lib/python3.10/runpy.py", line 196, in _run_module_as_main
[0.766s]       return _run_code(code, main_globals, None,
[0.766s]     File "/usr/lib/python3.10/runpy.py", line 86, in _run_code
[0.766s]       exec(code, run_globals)
[0.766s]     File "/opt/ros/humble/local/lib/python3.10/dist-packages/rosidl_adapter/__main__.py", line 19, in <module>
[0.766s]       sys.exit(main())
[0.766s]     File "/opt/ros/humble/local/lib/python3.10/dist-packages/rosidl_adapter/main.py", line 53, in main
[0.766s]       abs_idl_file = convert_to_idl(
[0.766s]     File "/opt/ros/humble/local/lib/python3.10/dist-packages/rosidl_adapter/__init__.py", line 24, in convert_to_idl
[0.766s]       return convert_srv_to_idl(
[0.766s]     File "/opt/ros/humble/local/lib/python3.10/dist-packages/rosidl_adapter/srv/__init__.py", line 28, in convert_srv_to_idl
[0.766s]       srv = parse_service_string(package_name, input_file.stem, content)
[0.766s]     File "/opt/ros/humble/local/lib/python3.10/dist-packages/rosidl_adapter/parser.py", line 859, in parse_service_string
[0.766s]       request_message = parse_message_string(
[0.766s]     File "/opt/ros/humble/local/lib/python3.10/dist-packages/rosidl_adapter/parser.py", line 544, in parse_message_string
[0.766s]       msg = MessageSpecification(pkg_name, msg_name, fields, constants)
[0.767s]     File "/opt/ros/humble/local/lib/python3.10/dist-packages/rosidl_adapter/parser.py", line 388, in __init__
[0.767s]       self.base_type = BaseType(
[0.767s]     File "/opt/ros/humble/local/lib/python3.10/dist-packages/rosidl_adapter/parser.py", line 205, in __init__
[0.767s]       raise InvalidResourceName(
[0.767s] 
[0.767s]   rosidl_adapter.parser.InvalidResourceName: 'area_Request' is an invalid
[0.767s]   message name.  It should have the pattern '^[A-Z][A-Za-z0-9]*$'
[0.767s] 
[0.767s] Call Stack (most recent call first):
[0.767s]   /opt/ros/humble/share/rosidl_cmake/cmake/rosidl_generate_interfaces.cmake:130 (rosidl_adapt_interfaces)
[0.767s]   CMakeLists.txt:17 (rosidl_generate_interfaces)
[0.767s] 
[0.767s] [0m
[0.767s] -- Configuring incomplete, errors occurred!
[0.767s] See also "/home/praveen/udmey/build/my_robot_interfaces/CMakeFiles/CMakeOutput.log".
[0.773s] Invoked command in '/home/praveen/udmey/build/my_robot_interfaces' returned '1': CMAKE_PREFIX_PATH=${CMAKE_PREFIX_PATH}:/home/praveen/udmey/install/activity:/home/praveen/manik/install/manikrobotic:/home/praveen/ros2_ws/install/hello:/opt/ros/humble /usr/bin/cmake /home/praveen/udmey/src/my_robot_interfaces -DCMAKE_INSTALL_PREFIX=/home/praveen/udmey/install/my_robot_interfaces
