[0.240s] Invoking command in '/home/praveen/udmey/build/my_robot_interfaces': CMAKE_PREFIX_PATH=${CMAKE_PREFIX_PATH}:/home/praveen/udmey/install/activity:/home/praveen/manik/install/manikrobotic:/home/praveen/ros2_ws/install/hello:/opt/ros/humble /usr/bin/cmake /home/praveen/udmey/src/my_robot_interfaces -DAMENT_CMAKE_SYMLINK_INSTALL=1 -DCMAKE_INSTALL_PREFIX=/home/praveen/udmey/install/my_robot_interfaces
[0.251s] -- Found ament_cmake: 1.3.9 (/opt/ros/humble/share/ament_cmake/cmake)
[0.352s] -- Override CMake install command with custom implementation using symlinks instead of copying resources
[0.358s] -- Found rosidl_default_generators: 1.2.0 (/opt/ros/humble/share/rosidl_default_generators/cmake)
[0.359s] -- Using all available rosidl_typesupport_c: rosidl_typesupport_fastrtps_c;rosidl_typesupport_introspection_c
[0.361s] -- Found rosidl_adapter: 3.1.5 (/opt/ros/humble/share/rosidl_adapter/cmake)
[0.385s] -- Using all available rosidl_typesupport_cpp: rosidl_typesupport_fastrtps_cpp;rosidl_typesupport_introspection_cpp
[0.616s] -- Found ament_cmake_ros: 0.10.0 (/opt/ros/humble/share/ament_cmake_ros/cmake)
[0.775s] -- Using all available rosidl_typesupport_c: rosidl_typesupport_fastrtps_c;rosidl_typesupport_introspection_c
[0.981s] -- Using all available rosidl_typesupport_cpp: rosidl_typesupport_fastrtps_cpp;rosidl_typesupport_introspection_cpp
[1.002s] -- Found PythonInterp: /usr/bin/python3 (found suitable version "3.10.12", minimum required is "3.6") 
[1.004s] -- Found python_cmake_module: 0.10.0 (/opt/ros/humble/share/python_cmake_module/cmake)
[1.029s] -- Found PythonLibs: /usr/lib/x86_64-linux-gnu/libpython3.10.so (found suitable version "3.10.12", minimum required is "3.5") 
[1.029s] -- Using PYTHON_EXECUTABLE: /usr/bin/python3
[1.029s] -- Using PYTHON_INCLUDE_DIRS: /usr/include/python3.10
[1.030s] -- Using PYTHON_LIBRARIES: /usr/lib/x86_64-linux-gnu/libpython3.10.so
[1.048s] -- Found PythonExtra: .so  
[1.086s] -- Configuring done
[1.112s] -- Generating done
[1.114s] -- Build files have been written to: /home/praveen/udmey/build/my_robot_interfaces
[1.125s] Invoked command in '/home/praveen/udmey/build/my_robot_interfaces' returned '0': CMAKE_PREFIX_PATH=${CMAKE_PREFIX_PATH}:/home/praveen/udmey/install/activity:/home/praveen/manik/install/manikrobotic:/home/praveen/ros2_ws/install/hello:/opt/ros/humble /usr/bin/cmake /home/praveen/udmey/src/my_robot_interfaces -DAMENT_CMAKE_SYMLINK_INSTALL=1 -DCMAKE_INSTALL_PREFIX=/home/praveen/udmey/install/my_robot_interfaces
[1.127s] Invoking command in '/home/praveen/udmey/build/my_robot_interfaces': CMAKE_PREFIX_PATH=${CMAKE_PREFIX_PATH}:/home/praveen/udmey/install/activity:/home/praveen/manik/install/manikrobotic:/home/praveen/ros2_ws/install/hello:/opt/ros/humble /usr/bin/cmake --build /home/praveen/udmey/build/my_robot_interfaces -- -j12 -l12
[1.168s] [  3%] [34m[1mGenerating C code for ROS interfaces[0m
[1.178s] [  6%] [34m[1mGenerating C++ code for ROS interfaces[0m
[1.186s] [  6%] Built target ament_cmake_python_symlink_my_robot_interfaces
[1.377s] [  6%] Built target my_robot_interfaces__cpp
[1.386s] [ 16%] [34m[1mGenerating C++ type support dispatch for ROS interfaces[0m
[1.387s] [ 16%] [34m[1mGenerating C++ introspection for ROS interfaces[0m
[1.387s] [ 16%] [34m[1mGenerating C++ type support for eProsima Fast-RTPS[0m
[1.397s] [ 19%] [32mBuilding C object CMakeFiles/my_robot_interfaces__rosidl_generator_c.dir/rosidl_generator_c/my_robot_interfaces/msg/detail/hardware_status__functions.c.o[0m
[1.413s] running egg_info
[1.413s] creating my_robot_interfaces.egg-info
[1.413s] writing my_robot_interfaces.egg-info/PKG-INFO
[1.413s] writing dependency_links to my_robot_interfaces.egg-info/dependency_links.txt
[1.414s] writing top-level names to my_robot_interfaces.egg-info/top_level.txt
[1.414s] writing manifest file 'my_robot_interfaces.egg-info/SOURCES.txt'
[1.416s] reading manifest file 'my_robot_interfaces.egg-info/SOURCES.txt'
[1.416s] writing manifest file 'my_robot_interfaces.egg-info/SOURCES.txt'
[1.444s] [ 22%] [32m[1mLinking C shared library libmy_robot_interfaces__rosidl_generator_c.so[0m
[1.458s] [ 22%] Built target ament_cmake_python_build_my_robot_interfaces_egg
[1.477s] [ 22%] Built target my_robot_interfaces__rosidl_generator_c
[1.505s] [ 32%] [34m[1mGenerating C type support dispatch for ROS interfaces[0m
[1.505s] [ 32%] [34m[1mGenerating C introspection for ROS interfaces[0m
[1.506s] [ 32%] [34m[1mGenerating C type support for eProsima Fast-RTPS[0m
[1.593s] [ 35%] [32mBuilding CXX object CMakeFiles/my_robot_interfaces__rosidl_typesupport_cpp.dir/rosidl_typesupport_cpp/my_robot_interfaces/msg/hardware_status__type_support.cpp.o[0m
[1.603s] [ 38%] [32mBuilding CXX object CMakeFiles/my_robot_interfaces__rosidl_typesupport_introspection_cpp.dir/rosidl_typesupport_introspection_cpp/my_robot_interfaces/msg/detail/hardware_status__type_support.cpp.o[0m
[1.611s] [ 41%] [32mBuilding CXX object CMakeFiles/my_robot_interfaces__rosidl_typesupport_fastrtps_cpp.dir/rosidl_typesupport_fastrtps_cpp/my_robot_interfaces/msg/detail/dds_fastrtps/hardware_status__type_support.cpp.o[0m
[1.692s] [ 45%] [32mBuilding CXX object CMakeFiles/my_robot_interfaces__rosidl_typesupport_c.dir/rosidl_typesupport_c/my_robot_interfaces/msg/hardware_status__type_support.cpp.o[0m
[1.710s] [ 51%] [32mBuilding C object CMakeFiles/my_robot_interfaces__rosidl_typesupport_introspection_c.dir/rosidl_typesupport_introspection_c/my_robot_interfaces/msg/detail/hardware_status__type_support.c.o[0m
[1.711s] [ 51%] [32mBuilding CXX object CMakeFiles/my_robot_interfaces__rosidl_typesupport_fastrtps_c.dir/rosidl_typesupport_fastrtps_c/my_robot_interfaces/msg/detail/hardware_status__type_support_c.cpp.o[0m
[1.720s] [ 54%] [32m[1mLinking CXX shared library libmy_robot_interfaces__rosidl_typesupport_c.so[0m
[1.741s] [ 58%] [32m[1mLinking C shared library libmy_robot_interfaces__rosidl_typesupport_introspection_c.so[0m
[1.758s] [ 58%] Built target my_robot_interfaces__rosidl_typesupport_c
[1.771s] [ 58%] Built target my_robot_interfaces__rosidl_typesupport_introspection_c
[1.834s] [ 61%] [32m[1mLinking CXX shared library libmy_robot_interfaces__rosidl_typesupport_cpp.so[0m
[1.870s] [ 61%] Built target my_robot_interfaces__rosidl_typesupport_cpp
[1.902s] [ 64%] [32m[1mLinking CXX shared library libmy_robot_interfaces__rosidl_typesupport_introspection_cpp.so[0m
[1.936s] [ 67%] [32m[1mLinking CXX shared library libmy_robot_interfaces__rosidl_typesupport_fastrtps_cpp.so[0m
[1.956s] [ 67%] Built target my_robot_interfaces__rosidl_typesupport_introspection_cpp
[1.996s] [ 67%] Built target my_robot_interfaces__rosidl_typesupport_fastrtps_cpp
[2.000s] [ 70%] [32m[1mLinking CXX shared library libmy_robot_interfaces__rosidl_typesupport_fastrtps_c.so[0m
[2.060s] [ 70%] Built target my_robot_interfaces__rosidl_typesupport_fastrtps_c
[2.078s] [ 70%] Built target my_robot_interfaces
[2.097s] [ 74%] [34m[1mGenerating Python code for ROS interfaces[0m
[2.310s] [ 74%] Built target my_robot_interfaces__py
[2.329s] [ 77%] [32mBuilding C object CMakeFiles/my_robot_interfaces__rosidl_generator_py.dir/rosidl_generator_py/my_robot_interfaces/msg/_hardware_status_s.c.o[0m
[2.407s] [ 80%] [32m[1mLinking C shared library rosidl_generator_py/my_robot_interfaces/libmy_robot_interfaces__rosidl_generator_py.so[0m
[2.441s] [ 80%] Built target my_robot_interfaces__rosidl_generator_py
[2.459s] [ 90%] [32mBuilding C object CMakeFiles/my_robot_interfaces__rosidl_typesupport_introspection_c__pyext.dir/rosidl_generator_py/my_robot_interfaces/_my_robot_interfaces_s.ep.rosidl_typesupport_introspection_c.c.o[0m
[2.459s] [ 90%] [32mBuilding C object CMakeFiles/my_robot_interfaces__rosidl_typesupport_c__pyext.dir/rosidl_generator_py/my_robot_interfaces/_my_robot_interfaces_s.ep.rosidl_typesupport_c.c.o[0m
[2.459s] [ 90%] [32mBuilding C object CMakeFiles/my_robot_interfaces__rosidl_typesupport_fastrtps_c__pyext.dir/rosidl_generator_py/my_robot_interfaces/_my_robot_interfaces_s.ep.rosidl_typesupport_fastrtps_c.c.o[0m
[2.528s] [ 93%] [32m[1mLinking C shared library rosidl_generator_py/my_robot_interfaces/my_robot_interfaces_s__rosidl_typesupport_c.cpython-310-x86_64-linux-gnu.so[0m
[2.528s] [ 96%] [32m[1mLinking C shared library rosidl_generator_py/my_robot_interfaces/my_robot_interfaces_s__rosidl_typesupport_introspection_c.cpython-310-x86_64-linux-gnu.so[0m
[2.535s] [100%] [32m[1mLinking C shared library rosidl_generator_py/my_robot_interfaces/my_robot_interfaces_s__rosidl_typesupport_fastrtps_c.cpython-310-x86_64-linux-gnu.so[0m
[2.557s] [100%] Built target my_robot_interfaces__rosidl_typesupport_introspection_c__pyext
[2.557s] [100%] Built target my_robot_interfaces__rosidl_typesupport_c__pyext
[2.565s] [100%] Built target my_robot_interfaces__rosidl_typesupport_fastrtps_c__pyext
[2.575s] Invoked command in '/home/praveen/udmey/build/my_robot_interfaces' returned '0': CMAKE_PREFIX_PATH=${CMAKE_PREFIX_PATH}:/home/praveen/udmey/install/activity:/home/praveen/manik/install/manikrobotic:/home/praveen/ros2_ws/install/hello:/opt/ros/humble /usr/bin/cmake --build /home/praveen/udmey/build/my_robot_interfaces -- -j12 -l12
[2.639s] Invoking command in '/home/praveen/udmey/build/my_robot_interfaces': CMAKE_PREFIX_PATH=${CMAKE_PREFIX_PATH}:/home/praveen/udmey/install/activity:/home/praveen/manik/install/manikrobotic:/home/praveen/ros2_ws/install/hello:/opt/ros/humble /usr/bin/cmake --install /home/praveen/udmey/build/my_robot_interfaces
[2.645s] -- Install configuration: ""
[2.645s] -- Execute custom install script
[2.646s] -- Symlinking: /home/praveen/udmey/install/my_robot_interfaces/share/ament_index/resource_index/rosidl_interfaces/my_robot_interfaces
[2.654s] -- Symlinking: /home/praveen/udmey/install/my_robot_interfaces/include/my_robot_interfaces/my_robot_interfaces/msg/detail/hardware_status__functions.h
[2.661s] -- Symlinking: /home/praveen/udmey/install/my_robot_interfaces/include/my_robot_interfaces/my_robot_interfaces/msg/detail/hardware_status__struct.h
[2.669s] -- Symlinking: /home/praveen/udmey/install/my_robot_interfaces/include/my_robot_interfaces/my_robot_interfaces/msg/detail/hardware_status__type_support.h
[2.676s] -- Symlinking: /home/praveen/udmey/install/my_robot_interfaces/include/my_robot_interfaces/my_robot_interfaces/msg/hardware_status.h
[2.683s] -- Symlinking: /home/praveen/udmey/install/my_robot_interfaces/include/my_robot_interfaces/my_robot_interfaces/msg/rosidl_generator_c__visibility_control.h
[2.691s] -- Symlinking: /home/praveen/udmey/install/my_robot_interfaces/share/my_robot_interfaces/environment/library_path.sh
[2.698s] -- Symlinking: /home/praveen/udmey/install/my_robot_interfaces/share/my_robot_interfaces/environment/library_path.dsv
[2.706s] -- Symlinking: /home/praveen/udmey/install/my_robot_interfaces/include/my_robot_interfaces/my_robot_interfaces/msg/detail/hardware_status__rosidl_typesupport_fastrtps_c.h
[2.715s] -- Symlinking: /home/praveen/udmey/install/my_robot_interfaces/include/my_robot_interfaces/my_robot_interfaces/msg/rosidl_typesupport_fastrtps_c__visibility_control.h
[2.723s] -- Symlinking: /home/praveen/udmey/install/my_robot_interfaces/include/my_robot_interfaces/my_robot_interfaces/msg/detail/hardware_status__rosidl_typesupport_introspection_c.h
[2.731s] -- Symlinking: /home/praveen/udmey/install/my_robot_interfaces/include/my_robot_interfaces/my_robot_interfaces/msg/rosidl_typesupport_introspection_c__visibility_control.h
[2.740s] -- Symlinking: /home/praveen/udmey/install/my_robot_interfaces/include/my_robot_interfaces/my_robot_interfaces/msg/detail/hardware_status__builder.hpp
[2.749s] -- Symlinking: /home/praveen/udmey/install/my_robot_interfaces/include/my_robot_interfaces/my_robot_interfaces/msg/detail/hardware_status__struct.hpp
[2.756s] -- Symlinking: /home/praveen/udmey/install/my_robot_interfaces/include/my_robot_interfaces/my_robot_interfaces/msg/detail/hardware_status__traits.hpp
[2.764s] -- Symlinking: /home/praveen/udmey/install/my_robot_interfaces/include/my_robot_interfaces/my_robot_interfaces/msg/hardware_status.hpp
[2.773s] -- Symlinking: /home/praveen/udmey/install/my_robot_interfaces/include/my_robot_interfaces/my_robot_interfaces/msg/detail/hardware_status__rosidl_typesupport_fastrtps_cpp.hpp
[2.780s] -- Symlinking: /home/praveen/udmey/install/my_robot_interfaces/include/my_robot_interfaces/my_robot_interfaces/msg/rosidl_typesupport_fastrtps_cpp__visibility_control.h
[2.789s] -- Symlinking: /home/praveen/udmey/install/my_robot_interfaces/include/my_robot_interfaces/my_robot_interfaces/msg/detail/hardware_status__rosidl_typesupport_introspection_cpp.hpp
[2.796s] -- Symlinking: /home/praveen/udmey/install/my_robot_interfaces/share/my_robot_interfaces/environment/pythonpath.sh
[2.804s] -- Symlinking: /home/praveen/udmey/install/my_robot_interfaces/share/my_robot_interfaces/environment/pythonpath.dsv
[2.811s] -- Symlinking: /home/praveen/udmey/install/my_robot_interfaces/local/lib/python3.10/dist-packages/my_robot_interfaces-0.0.0-py3.10.egg-info/PKG-INFO
[2.818s] -- Symlinking: /home/praveen/udmey/install/my_robot_interfaces/local/lib/python3.10/dist-packages/my_robot_interfaces-0.0.0-py3.10.egg-info/SOURCES.txt
[2.827s] -- Symlinking: /home/praveen/udmey/install/my_robot_interfaces/local/lib/python3.10/dist-packages/my_robot_interfaces-0.0.0-py3.10.egg-info/dependency_links.txt
[2.835s] -- Symlinking: /home/praveen/udmey/install/my_robot_interfaces/local/lib/python3.10/dist-packages/my_robot_interfaces-0.0.0-py3.10.egg-info/top_level.txt
[2.843s] -- Symlinking: /home/praveen/udmey/install/my_robot_interfaces/local/lib/python3.10/dist-packages/my_robot_interfaces/__init__.py
[2.850s] -- Symlinking: /home/praveen/udmey/install/my_robot_interfaces/local/lib/python3.10/dist-packages/my_robot_interfaces/_my_robot_interfaces_s.ep.rosidl_typesupport_c.c
[2.858s] -- Symlinking: /home/praveen/udmey/install/my_robot_interfaces/local/lib/python3.10/dist-packages/my_robot_interfaces/_my_robot_interfaces_s.ep.rosidl_typesupport_fastrtps_c.c
[2.866s] -- Symlinking: /home/praveen/udmey/install/my_robot_interfaces/local/lib/python3.10/dist-packages/my_robot_interfaces/_my_robot_interfaces_s.ep.rosidl_typesupport_introspection_c.c
[2.875s] -- Symlinking: /home/praveen/udmey/install/my_robot_interfaces/local/lib/python3.10/dist-packages/my_robot_interfaces/libmy_robot_interfaces__rosidl_generator_py.so
[2.882s] -- Symlinking: /home/praveen/udmey/install/my_robot_interfaces/local/lib/python3.10/dist-packages/my_robot_interfaces/msg/__init__.py
[2.890s] -- Symlinking: /home/praveen/udmey/install/my_robot_interfaces/local/lib/python3.10/dist-packages/my_robot_interfaces/msg/_hardware_status.py
[2.897s] -- Symlinking: /home/praveen/udmey/install/my_robot_interfaces/local/lib/python3.10/dist-packages/my_robot_interfaces/msg/_hardware_status_s.c
[2.905s] -- Symlinking: /home/praveen/udmey/install/my_robot_interfaces/local/lib/python3.10/dist-packages/my_robot_interfaces/my_robot_interfaces_s__rosidl_typesupport_c.cpython-310-x86_64-linux-gnu.so
[2.912s] -- Symlinking: /home/praveen/udmey/install/my_robot_interfaces/local/lib/python3.10/dist-packages/my_robot_interfaces/my_robot_interfaces_s__rosidl_typesupport_fastrtps_c.cpython-310-x86_64-linux-gnu.so
[2.920s] -- Symlinking: /home/praveen/udmey/install/my_robot_interfaces/local/lib/python3.10/dist-packages/my_robot_interfaces/my_robot_interfaces_s__rosidl_typesupport_introspection_c.cpython-310-x86_64-linux-gnu.so
[2.928s] -- Up-to-date symlink: /home/praveen/udmey/install/my_robot_interfaces/local/lib/python3.10/dist-packages/my_robot_interfaces/my_robot_interfaces_s__rosidl_typesupport_fastrtps_c.cpython-310-x86_64-linux-gnu.so
[2.928s] -- Up-to-date symlink: /home/praveen/udmey/install/my_robot_interfaces/local/lib/python3.10/dist-packages/my_robot_interfaces/my_robot_interfaces_s__rosidl_typesupport_introspection_c.cpython-310-x86_64-linux-gnu.so
[2.928s] -- Up-to-date symlink: /home/praveen/udmey/install/my_robot_interfaces/local/lib/python3.10/dist-packages/my_robot_interfaces/my_robot_interfaces_s__rosidl_typesupport_c.cpython-310-x86_64-linux-gnu.so
[2.928s] -- Symlinking: /home/praveen/udmey/install/my_robot_interfaces/share/my_robot_interfaces/msg/HardwareStatus.idl
[2.937s] -- Symlinking: /home/praveen/udmey/install/my_robot_interfaces/share/my_robot_interfaces/msg/HardwareStatus.msg
[2.944s] -- Up-to-date symlink: /home/praveen/udmey/install/my_robot_interfaces/share/ament_index/resource_index/package_run_dependencies/my_robot_interfaces
[2.945s] -- Up-to-date symlink: /home/praveen/udmey/install/my_robot_interfaces/share/ament_index/resource_index/parent_prefix_path/my_robot_interfaces
[2.945s] -- Up-to-date symlink: /home/praveen/udmey/install/my_robot_interfaces/share/my_robot_interfaces/environment/ament_prefix_path.sh
[2.945s] -- Up-to-date symlink: /home/praveen/udmey/install/my_robot_interfaces/share/my_robot_interfaces/environment/ament_prefix_path.dsv
[2.945s] -- Up-to-date symlink: /home/praveen/udmey/install/my_robot_interfaces/share/my_robot_interfaces/environment/path.sh
[2.945s] -- Up-to-date symlink: /home/praveen/udmey/install/my_robot_interfaces/share/my_robot_interfaces/environment/path.dsv
[2.945s] -- Up-to-date symlink: /home/praveen/udmey/install/my_robot_interfaces/share/my_robot_interfaces/local_setup.bash
[2.945s] -- Up-to-date symlink: /home/praveen/udmey/install/my_robot_interfaces/share/my_robot_interfaces/local_setup.sh
[2.945s] -- Up-to-date symlink: /home/praveen/udmey/install/my_robot_interfaces/share/my_robot_interfaces/local_setup.zsh
[2.946s] -- Up-to-date symlink: /home/praveen/udmey/install/my_robot_interfaces/share/my_robot_interfaces/local_setup.dsv
[2.946s] -- Symlinking: /home/praveen/udmey/install/my_robot_interfaces/share/my_robot_interfaces/package.dsv
[2.954s] -- Up-to-date symlink: /home/praveen/udmey/install/my_robot_interfaces/share/ament_index/resource_index/packages/my_robot_interfaces
[2.954s] -- Symlinking: /home/praveen/udmey/install/my_robot_interfaces/share/my_robot_interfaces/cmake/rosidl_cmake-extras.cmake
[2.962s] -- Symlinking: /home/praveen/udmey/install/my_robot_interfaces/share/my_robot_interfaces/cmake/ament_cmake_export_include_directories-extras.cmake
[2.970s] -- Symlinking: /home/praveen/udmey/install/my_robot_interfaces/share/my_robot_interfaces/cmake/ament_cmake_export_libraries-extras.cmake
[2.977s] -- Symlinking: /home/praveen/udmey/install/my_robot_interfaces/share/my_robot_interfaces/cmake/ament_cmake_export_targets-extras.cmake
[2.985s] -- Symlinking: /home/praveen/udmey/install/my_robot_interfaces/share/my_robot_interfaces/cmake/rosidl_cmake_export_typesupport_targets-extras.cmake
[2.993s] -- Symlinking: /home/praveen/udmey/install/my_robot_interfaces/share/my_robot_interfaces/cmake/ament_cmake_export_dependencies-extras.cmake
[3.001s] -- Symlinking: /home/praveen/udmey/install/my_robot_interfaces/share/my_robot_interfaces/cmake/rosidl_cmake_export_typesupport_libraries-extras.cmake
[3.009s] -- Up-to-date symlink: /home/praveen/udmey/install/my_robot_interfaces/share/my_robot_interfaces/cmake/my_robot_interfacesConfig.cmake
[3.009s] -- Up-to-date symlink: /home/praveen/udmey/install/my_robot_interfaces/share/my_robot_interfaces/cmake/my_robot_interfacesConfig-version.cmake
[3.009s] -- Up-to-date symlink: /home/praveen/udmey/install/my_robot_interfaces/share/my_robot_interfaces/package.xml
[3.009s] -- Installing: /home/praveen/udmey/install/my_robot_interfaces/lib/libmy_robot_interfaces__rosidl_generator_c.so
[3.009s] -- Set runtime path of "/home/praveen/udmey/install/my_robot_interfaces/lib/libmy_robot_interfaces__rosidl_generator_c.so" to ""
[3.009s] -- Installing: /home/praveen/udmey/install/my_robot_interfaces/lib/libmy_robot_interfaces__rosidl_typesupport_fastrtps_c.so
[3.010s] -- Set runtime path of "/home/praveen/udmey/install/my_robot_interfaces/lib/libmy_robot_interfaces__rosidl_typesupport_fastrtps_c.so" to ""
[3.010s] -- Installing: /home/praveen/udmey/install/my_robot_interfaces/lib/libmy_robot_interfaces__rosidl_typesupport_introspection_c.so
[3.010s] -- Set runtime path of "/home/praveen/udmey/install/my_robot_interfaces/lib/libmy_robot_interfaces__rosidl_typesupport_introspection_c.so" to ""
[3.010s] -- Installing: /home/praveen/udmey/install/my_robot_interfaces/lib/libmy_robot_interfaces__rosidl_typesupport_c.so
[3.011s] -- Set runtime path of "/home/praveen/udmey/install/my_robot_interfaces/lib/libmy_robot_interfaces__rosidl_typesupport_c.so" to ""
[3.011s] -- Installing: /home/praveen/udmey/install/my_robot_interfaces/lib/libmy_robot_interfaces__rosidl_typesupport_fastrtps_cpp.so
[3.011s] -- Set runtime path of "/home/praveen/udmey/install/my_robot_interfaces/lib/libmy_robot_interfaces__rosidl_typesupport_fastrtps_cpp.so" to ""
[3.011s] -- Installing: /home/praveen/udmey/install/my_robot_interfaces/lib/libmy_robot_interfaces__rosidl_typesupport_introspection_cpp.so
[3.011s] -- Set runtime path of "/home/praveen/udmey/install/my_robot_interfaces/lib/libmy_robot_interfaces__rosidl_typesupport_introspection_cpp.so" to ""
[3.011s] -- Installing: /home/praveen/udmey/install/my_robot_interfaces/lib/libmy_robot_interfaces__rosidl_typesupport_cpp.so
[3.012s] -- Set runtime path of "/home/praveen/udmey/install/my_robot_interfaces/lib/libmy_robot_interfaces__rosidl_typesupport_cpp.so" to ""
[3.047s] Listing '/home/praveen/udmey/install/my_robot_interfaces/local/lib/python3.10/dist-packages/my_robot_interfaces'...
[3.047s] Compiling '/home/praveen/udmey/install/my_robot_interfaces/local/lib/python3.10/dist-packages/my_robot_interfaces/__init__.py'...
[3.047s] Listing '/home/praveen/udmey/install/my_robot_interfaces/local/lib/python3.10/dist-packages/my_robot_interfaces/msg'...
[3.047s] Compiling '/home/praveen/udmey/install/my_robot_interfaces/local/lib/python3.10/dist-packages/my_robot_interfaces/msg/__init__.py'...
[3.047s] Compiling '/home/praveen/udmey/install/my_robot_interfaces/local/lib/python3.10/dist-packages/my_robot_interfaces/msg/_hardware_status.py'...
[3.050s] -- Installing: /home/praveen/udmey/install/my_robot_interfaces/lib/libmy_robot_interfaces__rosidl_generator_py.so
[3.050s] -- Set runtime path of "/home/praveen/udmey/install/my_robot_interfaces/lib/libmy_robot_interfaces__rosidl_generator_py.so" to ""
[3.050s] -- Installing: /home/praveen/udmey/install/my_robot_interfaces/share/my_robot_interfaces/cmake/export_my_robot_interfaces__rosidl_generator_cExport.cmake
[3.050s] -- Installing: /home/praveen/udmey/install/my_robot_interfaces/share/my_robot_interfaces/cmake/export_my_robot_interfaces__rosidl_generator_cExport-noconfig.cmake
[3.051s] -- Installing: /home/praveen/udmey/install/my_robot_interfaces/share/my_robot_interfaces/cmake/export_my_robot_interfaces__rosidl_typesupport_fastrtps_cExport.cmake
[3.051s] -- Installing: /home/praveen/udmey/install/my_robot_interfaces/share/my_robot_interfaces/cmake/export_my_robot_interfaces__rosidl_typesupport_fastrtps_cExport-noconfig.cmake
[3.051s] -- Installing: /home/praveen/udmey/install/my_robot_interfaces/share/my_robot_interfaces/cmake/my_robot_interfaces__rosidl_typesupport_introspection_cExport.cmake
[3.051s] -- Installing: /home/praveen/udmey/install/my_robot_interfaces/share/my_robot_interfaces/cmake/my_robot_interfaces__rosidl_typesupport_introspection_cExport-noconfig.cmake
[3.051s] -- Installing: /home/praveen/udmey/install/my_robot_interfaces/share/my_robot_interfaces/cmake/my_robot_interfaces__rosidl_typesupport_cExport.cmake
[3.052s] -- Installing: /home/praveen/udmey/install/my_robot_interfaces/share/my_robot_interfaces/cmake/my_robot_interfaces__rosidl_typesupport_cExport-noconfig.cmake
[3.052s] -- Installing: /home/praveen/udmey/install/my_robot_interfaces/share/my_robot_interfaces/cmake/export_my_robot_interfaces__rosidl_generator_cppExport.cmake
[3.052s] -- Installing: /home/praveen/udmey/install/my_robot_interfaces/share/my_robot_interfaces/cmake/export_my_robot_interfaces__rosidl_typesupport_fastrtps_cppExport.cmake
[3.052s] -- Installing: /home/praveen/udmey/install/my_robot_interfaces/share/my_robot_interfaces/cmake/export_my_robot_interfaces__rosidl_typesupport_fastrtps_cppExport-noconfig.cmake
[3.052s] -- Installing: /home/praveen/udmey/install/my_robot_interfaces/share/my_robot_interfaces/cmake/my_robot_interfaces__rosidl_typesupport_introspection_cppExport.cmake
[3.052s] -- Installing: /home/praveen/udmey/install/my_robot_interfaces/share/my_robot_interfaces/cmake/my_robot_interfaces__rosidl_typesupport_introspection_cppExport-noconfig.cmake
[3.053s] -- Installing: /home/praveen/udmey/install/my_robot_interfaces/share/my_robot_interfaces/cmake/my_robot_interfaces__rosidl_typesupport_cppExport.cmake
[3.053s] -- Installing: /home/praveen/udmey/install/my_robot_interfaces/share/my_robot_interfaces/cmake/my_robot_interfaces__rosidl_typesupport_cppExport-noconfig.cmake
[3.053s] -- Installing: /home/praveen/udmey/install/my_robot_interfaces/share/my_robot_interfaces/cmake/export_my_robot_interfaces__rosidl_generator_pyExport.cmake
[3.053s] -- Installing: /home/praveen/udmey/install/my_robot_interfaces/share/my_robot_interfaces/cmake/export_my_robot_interfaces__rosidl_generator_pyExport-noconfig.cmake
[3.055s] Invoked command in '/home/praveen/udmey/build/my_robot_interfaces' returned '0': CMAKE_PREFIX_PATH=${CMAKE_PREFIX_PATH}:/home/praveen/udmey/install/activity:/home/praveen/manik/install/manikrobotic:/home/praveen/ros2_ws/install/hello:/opt/ros/humble /usr/bin/cmake --install /home/praveen/udmey/build/my_robot_interfaces
