[0.010s] Invoking command in '/home/praveen/udmey/build/my_robot_interfaces': /usr/bin/cmake /home/praveen/udmey/src/my_robot_interfaces -DCMAKE_INSTALL_PREFIX=/home/praveen/udmey/install/my_robot_interfaces
[0.022s] -- Found ament_cmake: 1.3.9 (/opt/ros/humble/share/ament_cmake/cmake)
[0.127s] -- Found rosidl_default_generators: 1.2.0 (/opt/ros/humble/share/rosidl_default_generators/cmake)
[0.128s] -- Using all available rosidl_typesupport_c: rosidl_typesupport_fastrtps_c;rosidl_typesupport_introspection_c
[0.130s] -- Found rosidl_adapter: 3.1.5 (/opt/ros/humble/share/rosidl_adapter/cmake)
[0.154s] -- Using all available rosidl_typesupport_cpp: rosidl_typesupport_fastrtps_cpp;rosidl_typesupport_introspection_cpp
[0.318s] [31mCMake Error at /opt/ros/humble/share/rosidl_adapter/cmake/rosidl_adapt_interfaces.cmake:59 (message):
[0.318s]   execute_process(/usr/bin/python3 -m rosidl_adapter --package-name
[0.318s]   my_robot_interfaces --arguments-file
[0.318s]   /home/praveen/udmey/build/my_robot_interfaces/rosidl_adapter__arguments__my_robot_interfaces.json
[0.318s]   --output-dir
[0.318s]   /home/praveen/udmey/build/my_robot_interfaces/rosidl_adapter/my_robot_interfaces
[0.318s]   --output-file
[0.318s]   /home/praveen/udmey/build/my_robot_interfaces/rosidl_adapter/my_robot_interfaces.idls)
[0.318s]   returned error code 1:
[0.318s] 
[0.318s]   Traceback (most recent call last):
[0.318s] 
[0.318s]     File "/usr/lib/python3.10/runpy.py", line 196, in _run_module_as_main
[0.318s]       return _run_code(code, main_globals, None,
[0.319s]     File "/usr/lib/python3.10/runpy.py", line 86, in _run_code
[0.319s]       exec(code, run_globals)
[0.319s]     File "/opt/ros/humble/local/lib/python3.10/dist-packages/rosidl_adapter/__main__.py", line 19, in <module>
[0.319s]       sys.exit(main())
[0.319s]     File "/opt/ros/humble/local/lib/python3.10/dist-packages/rosidl_adapter/main.py", line 53, in main
[0.319s]       abs_idl_file = convert_to_idl(
[0.319s]     File "/opt/ros/humble/local/lib/python3.10/dist-packages/rosidl_adapter/__init__.py", line 24, in convert_to_idl
[0.319s]       return convert_srv_to_idl(
[0.319s]     File "/opt/ros/humble/local/lib/python3.10/dist-packages/rosidl_adapter/srv/__init__.py", line 28, in convert_srv_to_idl
[0.319s]       srv = parse_service_string(package_name, input_file.stem, content)
[0.319s]     File "/opt/ros/humble/local/lib/python3.10/dist-packages/rosidl_adapter/parser.py", line 859, in parse_service_string
[0.319s]       request_message = parse_message_string(
[0.319s]     File "/opt/ros/humble/local/lib/python3.10/dist-packages/rosidl_adapter/parser.py", line 544, in parse_message_string
[0.319s]       msg = MessageSpecification(pkg_name, msg_name, fields, constants)
[0.319s]     File "/opt/ros/humble/local/lib/python3.10/dist-packages/rosidl_adapter/parser.py", line 388, in __init__
[0.319s]       self.base_type = BaseType(
[0.319s]     File "/opt/ros/humble/local/lib/python3.10/dist-packages/rosidl_adapter/parser.py", line 205, in __init__
[0.319s]       raise InvalidResourceName(
[0.319s] 
[0.319s]   rosidl_adapter.parser.InvalidResourceName: 'area_Request' is an invalid
[0.319s]   message name.  It should have the pattern '^[A-Z][A-Za-z0-9]*$'
[0.319s] 
[0.320s] Call Stack (most recent call first):
[0.320s]   /opt/ros/humble/share/rosidl_cmake/cmake/rosidl_generate_interfaces.cmake:130 (rosidl_adapt_interfaces)
[0.320s]   CMakeLists.txt:17 (rosidl_generate_interfaces)
[0.320s] 
[0.320s] [0m
[0.320s] -- Configuring incomplete, errors occurred!
[0.320s] See also "/home/praveen/udmey/build/my_robot_interfaces/CMakeFiles/CMakeOutput.log".
[0.324s] Invoked command in '/home/praveen/udmey/build/my_robot_interfaces' returned '1': /usr/bin/cmake /home/praveen/udmey/src/my_robot_interfaces -DCMAKE_INSTALL_PREFIX=/home/praveen/udmey/install/my_robot_interfaces
